This file contains any messages produced by compilers while
running configure, to aid debugging if configure makes a mistake.

It was created by vlerq configure 1, which was
generated by GNU Autoconf 2.59.  Invocation command line was

  $ ../configure --host=mingw32

## --------- ##
## Platform. ##
## --------- ##

hostname = biggie.local
uname -m = Power Macintosh
uname -r = 8.6.0
uname -s = Darwin
uname -v = Darwin Kernel Version 8.6.0: Tue Mar  7 16:58:48 PST 2006; root:xnu-792.6.70.obj~1/RELEASE_PPC

/usr/bin/uname -p = powerpc
/bin/uname -X     = unknown

/bin/arch              = unknown
/usr/bin/arch -k       = unknown
/usr/convex/getsysinfo = unknown
hostinfo               = Mach kernel version:
	 Darwin Kernel Version 8.6.0: Tue Mar  7 16:58:48 PST 2006; root:xnu-792.6.70.obj~1/RELEASE_PPC
Kernel configured for a single processor only.
1 processor is physically available.
Processor type: ppc7450 (PowerPC 7450)
Processor active: 0
Primary memory available: 1.00 gigabytes
Default processor set: 75 tasks, 238 threads, 1 processors
Load average: 3.00, Mach factor: 0.29
/bin/machine           = unknown
/usr/bin/oslevel       = unknown
/bin/universe          = unknown

PATH: /usr/local/xmingw32/mingw32/bin
PATH: /usr/local/xmingw32/bin
PATH: /Users/jcw/bin
PATH: /usr/local/bin
PATH: /opt/local/bin
PATH: /bin
PATH: /sbin
PATH: /usr/bin
PATH: /usr/local/bin
PATH: /usr/sbin
PATH: /usr/X11R6/bin
PATH: /Library/Tcl/bin
PATH: .


## ----------- ##
## Core tests. ##
## ----------- ##

configure:1330: checking for correct TEA configuration
configure:1349: result: ok (TEA 3.5)
configure:1475: checking for Tcl configuration
configure:1591: result: found /Library/Frameworks/Tcl.framework/tclConfig.sh
configure:1597: checking for existence of /Library/Frameworks/Tcl.framework/tclConfig.sh
configure:1601: result: loading
configure:1687: --prefix defaulting to TCL_PREFIX /usr
configure:1699: --exec-prefix defaulting to TCL_EXEC_PREFIX /usr
configure:1735: checking for mingw32-gcc
configure:1761: result: mingw32-gcc
configure:2043: checking for C compiler version
configure:2046: mingw32-gcc --version </dev/null >&5
mingw32-gcc (GCC) 3.2.3 (mingw special 20030504-1)
Copyright (C) 2002 Free Software Foundation, Inc.
This is free software; see the source for copying conditions.  There is NO
warranty; not even for MERCHANTABILITY or FITNESS FOR A PARTICULAR PURPOSE.

configure:2049: $? = 0
configure:2051: mingw32-gcc -v </dev/null >&5
Reading specs from /usr/local/xmingw32/lib/gcc-lib/mingw32/3.2.3/specs
Configured with: ./configure --target=mingw32 --prefix=/usr/local/xmingw32 --enable-languages=c,c++,f77 --disable-nls --disable-shared --enable-sjlj-exceptions --enable-threads --disable-win32-registry
Thread model: win32
gcc version 3.2.3 (mingw special 20030504-1)
configure:2054: $? = 0
configure:2056: mingw32-gcc -V </dev/null >&5
mingw32-gcc: argument to `-V' is missing
configure:2059: $? = 1
configure:2082: checking for C compiler default output file name
configure:2085: mingw32-gcc -O2   conftest.c  >&5
configure:2088: $? = 0
configure:2134: result: a.exe
configure:2139: checking whether the C compiler works
configure:2145: ./a.exe
../configure: line 1: ./a.exe: cannot execute binary file
configure:2148: $? = 126
configure:2165: result: yes
configure:2172: checking whether we are cross compiling
configure:2174: result: yes
configure:2177: checking for suffix of executables
configure:2179: mingw32-gcc -o conftest.exe -O2   conftest.c  >&5
configure:2182: $? = 0
configure:2207: result: .exe
configure:2213: checking for suffix of object files
configure:2234: mingw32-gcc -c -O2  conftest.c >&5
configure:2237: $? = 0
configure:2259: result: o
configure:2263: checking whether we are using the GNU C compiler
configure:2287: mingw32-gcc -c -O2  conftest.c >&5
configure:2293: $? = 0
configure:2297: test -z 
			 || test ! -s conftest.err
configure:2300: $? = 0
configure:2303: test -s conftest.o
configure:2306: $? = 0
configure:2319: result: yes
configure:2325: checking whether mingw32-gcc accepts -g
configure:2346: mingw32-gcc -c -g  conftest.c >&5
configure:2352: $? = 0
configure:2356: test -z 
			 || test ! -s conftest.err
configure:2359: $? = 0
configure:2362: test -s conftest.o
configure:2365: $? = 0
configure:2376: result: yes
configure:2393: checking for mingw32-gcc option to accept ANSI C
configure:2463: mingw32-gcc  -c -O2  conftest.c >&5
configure:2469: $? = 0
configure:2473: test -z 
			 || test ! -s conftest.err
configure:2476: $? = 0
configure:2479: test -s conftest.o
configure:2482: $? = 0
configure:2500: result: none needed
configure:2518: mingw32-gcc -c -O2  conftest.c >&5
conftest.c:2: parse error before "me"
configure:2524: $? = 1
configure: failed program was:
| #ifndef __cplusplus
|   choke me
| #endif
configure:2662: checking how to run the C preprocessor
configure:2780: result: mingw32-gcc -E
configure:2804: mingw32-gcc -E  conftest.c
configure:2810: $? = 0
configure:2842: mingw32-gcc -E  conftest.c
conftest.c:9:28: ac_nonexistent.h: No such file or directory
configure:2848: $? = 1
configure: failed program was:
| /* confdefs.h.  */
| 
| #define PACKAGE_NAME "vlerq"
| #define PACKAGE_TARNAME "vlerq"
| #define PACKAGE_VERSION "1"
| #define PACKAGE_STRING "vlerq 1"
| #define PACKAGE_BUGREPORT ""
| /* end confdefs.h.  */
| #include <ac_nonexistent.h>
configure:2905: checking for a BSD-compatible install
configure:2960: result: /usr/bin/install -c
configure:2976: checking whether make sets $(MAKE)
configure:2996: result: yes
configure:3013: checking for mingw32-ranlib
configure:3039: result: mingw32-ranlib
configure:3100: checking for egrep
configure:3110: result: grep -E
configure:3115: checking for ANSI C header files
configure:3140: mingw32-gcc -c -O2  conftest.c >&5
configure:3146: $? = 0
configure:3150: test -z 
			 || test ! -s conftest.err
configure:3153: $? = 0
configure:3156: test -s conftest.o
configure:3159: $? = 0
configure:3268: result: yes
configure:3292: checking for sys/types.h
configure:3308: mingw32-gcc -c -O2  conftest.c >&5
configure:3314: $? = 0
configure:3318: test -z 
			 || test ! -s conftest.err
configure:3321: $? = 0
configure:3324: test -s conftest.o
configure:3327: $? = 0
configure:3338: result: yes
configure:3292: checking for sys/stat.h
configure:3308: mingw32-gcc -c -O2  conftest.c >&5
configure:3314: $? = 0
configure:3318: test -z 
			 || test ! -s conftest.err
configure:3321: $? = 0
configure:3324: test -s conftest.o
configure:3327: $? = 0
configure:3338: result: yes
configure:3292: checking for stdlib.h
configure:3308: mingw32-gcc -c -O2  conftest.c >&5
configure:3314: $? = 0
configure:3318: test -z 
			 || test ! -s conftest.err
configure:3321: $? = 0
configure:3324: test -s conftest.o
configure:3327: $? = 0
configure:3338: result: yes
configure:3292: checking for string.h
configure:3308: mingw32-gcc -c -O2  conftest.c >&5
configure:3314: $? = 0
configure:3318: test -z 
			 || test ! -s conftest.err
configure:3321: $? = 0
configure:3324: test -s conftest.o
configure:3327: $? = 0
configure:3338: result: yes
configure:3292: checking for memory.h
configure:3308: mingw32-gcc -c -O2  conftest.c >&5
configure:3314: $? = 0
configure:3318: test -z 
			 || test ! -s conftest.err
configure:3321: $? = 0
configure:3324: test -s conftest.o
configure:3327: $? = 0
configure:3338: result: yes
configure:3292: checking for strings.h
configure:3308: mingw32-gcc -c -O2  conftest.c >&5
configure:3314: $? = 0
configure:3318: test -z 
			 || test ! -s conftest.err
configure:3321: $? = 0
configure:3324: test -s conftest.o
configure:3327: $? = 0
configure:3338: result: yes
configure:3292: checking for inttypes.h
configure:3308: mingw32-gcc -c -O2  conftest.c >&5
configure:3314: $? = 0
configure:3318: test -z 
			 || test ! -s conftest.err
configure:3321: $? = 0
configure:3324: test -s conftest.o
configure:3327: $? = 0
configure:3338: result: yes
configure:3292: checking for stdint.h
configure:3308: mingw32-gcc -c -O2  conftest.c >&5
configure:3314: $? = 0
configure:3318: test -z 
			 || test ! -s conftest.err
configure:3321: $? = 0
configure:3324: test -s conftest.o
configure:3327: $? = 0
configure:3338: result: yes
configure:3292: checking for unistd.h
configure:3308: mingw32-gcc -c -O2  conftest.c >&5
configure:3314: $? = 0
configure:3318: test -z 
			 || test ! -s conftest.err
configure:3321: $? = 0
configure:3324: test -s conftest.o
configure:3327: $? = 0
configure:3338: result: yes
configure:3360: checking if the compiler understands -pipe
configure:3380: mingw32-gcc -pipe -c -O2  conftest.c >&5
configure:3386: $? = 0
configure:3390: test -z 
			 || test ! -s conftest.err
configure:3393: $? = 0
configure:3396: test -s conftest.o
configure:3399: $? = 0
configure:3401: result: yes
configure:3418: checking whether byte ordering is bigendian
configure:3445: mingw32-gcc -pipe -c -O2  conftest.c >&5
configure:3451: $? = 0
configure:3455: test -z 
			 || test ! -s conftest.err
configure:3458: $? = 0
configure:3461: test -s conftest.o
configure:3464: $? = 0
configure:3488: mingw32-gcc -pipe -c -O2  conftest.c >&5
conftest.c: In function `main':
conftest.c:26: `not' undeclared (first use in this function)
conftest.c:26: (Each undeclared identifier is reported only once
conftest.c:26: for each function it appears in.)
conftest.c:26: parse error before "big"
configure:3494: $? = 1
configure: failed program was:
| /* confdefs.h.  */
| 
| #define PACKAGE_NAME "vlerq"
| #define PACKAGE_TARNAME "vlerq"
| #define PACKAGE_VERSION "1"
| #define PACKAGE_STRING "vlerq 1"
| #define PACKAGE_BUGREPORT ""
| #define STDC_HEADERS 1
| #define HAVE_SYS_TYPES_H 1
| #define HAVE_SYS_STAT_H 1
| #define HAVE_STDLIB_H 1
| #define HAVE_STRING_H 1
| #define HAVE_MEMORY_H 1
| #define HAVE_STRINGS_H 1
| #define HAVE_INTTYPES_H 1
| #define HAVE_STDINT_H 1
| #define HAVE_UNISTD_H 1
| /* end confdefs.h.  */
| #include <sys/types.h>
| #include <sys/param.h>
| 
| int
| main ()
| {
| #if BYTE_ORDER != BIG_ENDIAN
|  not big endian
| #endif
| 
|   ;
|   return 0;
| }
configure:3629: result: no
configure:3657: checking for sin
configure:3714: mingw32-gcc -pipe -o conftest.exe -O2   conftest.c  >&5
conftest.c:43: warning: conflicting types for built-in function `sin'
configure:3720: $? = 0
configure:3724: test -z 
			 || test ! -s conftest.err
configure:3727: $? = 0
configure:3730: test -s conftest.exe
configure:3733: $? = 0
configure:3745: result: yes
configure:3753: checking for main in -lieee
configure:3777: mingw32-gcc -pipe -o conftest.exe -O2   conftest.c -lieee   >&5
/usr/local/xmingw32/lib/gcc-lib/mingw32/3.2.3/../../../../mingw32/bin/ld: cannot find -lieee
configure:3783: $? = 1
configure: failed program was:
| /* confdefs.h.  */
| 
| #define PACKAGE_NAME "vlerq"
| #define PACKAGE_TARNAME "vlerq"
| #define PACKAGE_VERSION "1"
| #define PACKAGE_STRING "vlerq 1"
| #define PACKAGE_BUGREPORT ""
| #define STDC_HEADERS 1
| #define HAVE_SYS_TYPES_H 1
| #define HAVE_SYS_STAT_H 1
| #define HAVE_STDLIB_H 1
| #define HAVE_STRING_H 1
| #define HAVE_MEMORY_H 1
| #define HAVE_STRINGS_H 1
| #define HAVE_INTTYPES_H 1
| #define HAVE_STDINT_H 1
| #define HAVE_UNISTD_H 1
| /* end confdefs.h.  */
| 
| 
| int
| main ()
| {
| main ();
|   ;
|   return 0;
| }
configure:3809: result: no
configure:3821: checking for main in -linet
configure:3845: mingw32-gcc -pipe -o conftest.exe -O2   conftest.c -linet   >&5
/usr/local/xmingw32/lib/gcc-lib/mingw32/3.2.3/../../../../mingw32/bin/ld: cannot find -linet
configure:3851: $? = 1
configure: failed program was:
| /* confdefs.h.  */
| 
| #define PACKAGE_NAME "vlerq"
| #define PACKAGE_TARNAME "vlerq"
| #define PACKAGE_VERSION "1"
| #define PACKAGE_STRING "vlerq 1"
| #define PACKAGE_BUGREPORT ""
| #define STDC_HEADERS 1
| #define HAVE_SYS_TYPES_H 1
| #define HAVE_SYS_STAT_H 1
| #define HAVE_STDLIB_H 1
| #define HAVE_STRING_H 1
| #define HAVE_MEMORY_H 1
| #define HAVE_STRINGS_H 1
| #define HAVE_INTTYPES_H 1
| #define HAVE_STDINT_H 1
| #define HAVE_UNISTD_H 1
| /* end confdefs.h.  */
| 
| 
| int
| main ()
| {
| main ();
|   ;
|   return 0;
| }
configure:3877: result: no
configure:3893: checking net/errno.h usability
configure:3905: mingw32-gcc -pipe -c -O2  conftest.c >&5
conftest.c:53:23: net/errno.h: No such file or directory
configure:3911: $? = 1
configure: failed program was:
| /* confdefs.h.  */
| 
| #define PACKAGE_NAME "vlerq"
| #define PACKAGE_TARNAME "vlerq"
| #define PACKAGE_VERSION "1"
| #define PACKAGE_STRING "vlerq 1"
| #define PACKAGE_BUGREPORT ""
| #define STDC_HEADERS 1
| #define HAVE_SYS_TYPES_H 1
| #define HAVE_SYS_STAT_H 1
| #define HAVE_STDLIB_H 1
| #define HAVE_STRING_H 1
| #define HAVE_MEMORY_H 1
| #define HAVE_STRINGS_H 1
| #define HAVE_INTTYPES_H 1
| #define HAVE_STDINT_H 1
| #define HAVE_UNISTD_H 1
| /* end confdefs.h.  */
| #include <stdio.h>
| #if HAVE_SYS_TYPES_H
| # include <sys/types.h>
| #endif
| #if HAVE_SYS_STAT_H
| # include <sys/stat.h>
| #endif
| #if STDC_HEADERS
| # include <stdlib.h>
| # include <stddef.h>
| #else
| # if HAVE_STDLIB_H
| #  include <stdlib.h>
| # endif
| #endif
| #if HAVE_STRING_H
| # if !STDC_HEADERS && HAVE_MEMORY_H
| #  include <memory.h>
| # endif
| # include <string.h>
| #endif
| #if HAVE_STRINGS_H
| # include <strings.h>
| #endif
| #if HAVE_INTTYPES_H
| # include <inttypes.h>
| #else
| # if HAVE_STDINT_H
| #  include <stdint.h>
| # endif
| #endif
| #if HAVE_UNISTD_H
| # include <unistd.h>
| #endif
| #include <net/errno.h>
configure:3934: result: no
configure:3938: checking net/errno.h presence
configure:3948: mingw32-gcc -E  conftest.c
conftest.c:19:23: net/errno.h: No such file or directory
configure:3954: $? = 1
configure: failed program was:
| /* confdefs.h.  */
| 
| #define PACKAGE_NAME "vlerq"
| #define PACKAGE_TARNAME "vlerq"
| #define PACKAGE_VERSION "1"
| #define PACKAGE_STRING "vlerq 1"
| #define PACKAGE_BUGREPORT ""
| #define STDC_HEADERS 1
| #define HAVE_SYS_TYPES_H 1
| #define HAVE_SYS_STAT_H 1
| #define HAVE_STDLIB_H 1
| #define HAVE_STRING_H 1
| #define HAVE_MEMORY_H 1
| #define HAVE_STRINGS_H 1
| #define HAVE_INTTYPES_H 1
| #define HAVE_STDINT_H 1
| #define HAVE_UNISTD_H 1
| /* end confdefs.h.  */
| #include <net/errno.h>
configure:3974: result: no
configure:4009: checking for net/errno.h
configure:4016: result: no
configure:4050: checking for connect
configure:4107: mingw32-gcc -pipe -o conftest.exe -O2   conftest.c  >&5
/var/tmp//ccFkjmY4.o(.text+0x1a):conftest.c: undefined reference to `connect'
/var/tmp//ccFkjmY4.o(.data+0x0):conftest.c: undefined reference to `connect'
configure:4113: $? = 1
configure: failed program was:
| /* confdefs.h.  */
| 
| #define PACKAGE_NAME "vlerq"
| #define PACKAGE_TARNAME "vlerq"
| #define PACKAGE_VERSION "1"
| #define PACKAGE_STRING "vlerq 1"
| #define PACKAGE_BUGREPORT ""
| #define STDC_HEADERS 1
| #define HAVE_SYS_TYPES_H 1
| #define HAVE_SYS_STAT_H 1
| #define HAVE_STDLIB_H 1
| #define HAVE_STRING_H 1
| #define HAVE_MEMORY_H 1
| #define HAVE_STRINGS_H 1
| #define HAVE_INTTYPES_H 1
| #define HAVE_STDINT_H 1
| #define HAVE_UNISTD_H 1
| /* end confdefs.h.  */
| /* Define connect to an innocuous variant, in case <limits.h> declares connect.
|    For example, HP-UX 11i <limits.h> declares gettimeofday.  */
| #define connect innocuous_connect
| 
| /* System header to define __stub macros and hopefully few prototypes,
|     which can conflict with char connect (); below.
|     Prefer <limits.h> to <assert.h> if __STDC__ is defined, since
|     <limits.h> exists even on freestanding compilers.  */
| 
| #ifdef __STDC__
| # include <limits.h>
| #else
| # include <assert.h>
| #endif
| 
| #undef connect
| 
| /* Override any gcc2 internal prototype to avoid an error.  */
| #ifdef __cplusplus
| extern "C"
| {
| #endif
| /* We use char because int might match the return type of a gcc2
|    builtin and then its argument prototype would still apply.  */
| char connect ();
| /* The GNU C library defines this for functions which it implements
|     to always fail with ENOSYS.  Some functions are actually named
|     something starting with __ and the normal name is an alias.  */
| #if defined (__stub_connect) || defined (__stub___connect)
| choke me
| #else
| char (*f) () = connect;
| #endif
| #ifdef __cplusplus
| }
| #endif
| 
| int
| main ()
| {
| return f != connect;
|   ;
|   return 0;
| }
configure:4138: result: no
configure:4147: checking for setsockopt
configure:4204: mingw32-gcc -pipe -o conftest.exe -O2   conftest.c  >&5
/var/tmp//cc5Ujxyv.o(.text+0x1a):conftest.c: undefined reference to `setsockopt'
/var/tmp//cc5Ujxyv.o(.data+0x0):conftest.c: undefined reference to `setsockopt'
configure:4210: $? = 1
configure: failed program was:
| /* confdefs.h.  */
| 
| #define PACKAGE_NAME "vlerq"
| #define PACKAGE_TARNAME "vlerq"
| #define PACKAGE_VERSION "1"
| #define PACKAGE_STRING "vlerq 1"
| #define PACKAGE_BUGREPORT ""
| #define STDC_HEADERS 1
| #define HAVE_SYS_TYPES_H 1
| #define HAVE_SYS_STAT_H 1
| #define HAVE_STDLIB_H 1
| #define HAVE_STRING_H 1
| #define HAVE_MEMORY_H 1
| #define HAVE_STRINGS_H 1
| #define HAVE_INTTYPES_H 1
| #define HAVE_STDINT_H 1
| #define HAVE_UNISTD_H 1
| /* end confdefs.h.  */
| /* Define setsockopt to an innocuous variant, in case <limits.h> declares setsockopt.
|    For example, HP-UX 11i <limits.h> declares gettimeofday.  */
| #define setsockopt innocuous_setsockopt
| 
| /* System header to define __stub macros and hopefully few prototypes,
|     which can conflict with char setsockopt (); below.
|     Prefer <limits.h> to <assert.h> if __STDC__ is defined, since
|     <limits.h> exists even on freestanding compilers.  */
| 
| #ifdef __STDC__
| # include <limits.h>
| #else
| # include <assert.h>
| #endif
| 
| #undef setsockopt
| 
| /* Override any gcc2 internal prototype to avoid an error.  */
| #ifdef __cplusplus
| extern "C"
| {
| #endif
| /* We use char because int might match the return type of a gcc2
|    builtin and then its argument prototype would still apply.  */
| char setsockopt ();
| /* The GNU C library defines this for functions which it implements
|     to always fail with ENOSYS.  Some functions are actually named
|     something starting with __ and the normal name is an alias.  */
| #if defined (__stub_setsockopt) || defined (__stub___setsockopt)
| choke me
| #else
| char (*f) () = setsockopt;
| #endif
| #ifdef __cplusplus
| }
| #endif
| 
| int
| main ()
| {
| return f != setsockopt;
|   ;
|   return 0;
| }
configure:4235: result: no
configure:4240: checking for setsockopt in -lsocket
configure:4270: mingw32-gcc -pipe -o conftest.exe -O2   conftest.c -lsocket   >&5
/usr/local/xmingw32/lib/gcc-lib/mingw32/3.2.3/../../../../mingw32/bin/ld: cannot find -lsocket
configure:4276: $? = 1
configure: failed program was:
| /* confdefs.h.  */
| 
| #define PACKAGE_NAME "vlerq"
| #define PACKAGE_TARNAME "vlerq"
| #define PACKAGE_VERSION "1"
| #define PACKAGE_STRING "vlerq 1"
| #define PACKAGE_BUGREPORT ""
| #define STDC_HEADERS 1
| #define HAVE_SYS_TYPES_H 1
| #define HAVE_SYS_STAT_H 1
| #define HAVE_STDLIB_H 1
| #define HAVE_STRING_H 1
| #define HAVE_MEMORY_H 1
| #define HAVE_STRINGS_H 1
| #define HAVE_INTTYPES_H 1
| #define HAVE_STDINT_H 1
| #define HAVE_UNISTD_H 1
| /* end confdefs.h.  */
| 
| /* Override any gcc2 internal prototype to avoid an error.  */
| #ifdef __cplusplus
| extern "C"
| #endif
| /* We use char because int might match the return type of a gcc2
|    builtin and then its argument prototype would still apply.  */
| char setsockopt ();
| int
| main ()
| {
| setsockopt ();
|   ;
|   return 0;
| }
configure:4302: result: no
configure:4316: checking for accept
configure:4373: mingw32-gcc -pipe -o conftest.exe -O2   conftest.c  -lsocket -lnsl >&5
/usr/local/xmingw32/lib/gcc-lib/mingw32/3.2.3/../../../../mingw32/bin/ld: cannot find -lsocket
configure:4379: $? = 1
configure: failed program was:
| /* confdefs.h.  */
| 
| #define PACKAGE_NAME "vlerq"
| #define PACKAGE_TARNAME "vlerq"
| #define PACKAGE_VERSION "1"
| #define PACKAGE_STRING "vlerq 1"
| #define PACKAGE_BUGREPORT ""
| #define STDC_HEADERS 1
| #define HAVE_SYS_TYPES_H 1
| #define HAVE_SYS_STAT_H 1
| #define HAVE_STDLIB_H 1
| #define HAVE_STRING_H 1
| #define HAVE_MEMORY_H 1
| #define HAVE_STRINGS_H 1
| #define HAVE_INTTYPES_H 1
| #define HAVE_STDINT_H 1
| #define HAVE_UNISTD_H 1
| /* end confdefs.h.  */
| /* Define accept to an innocuous variant, in case <limits.h> declares accept.
|    For example, HP-UX 11i <limits.h> declares gettimeofday.  */
| #define accept innocuous_accept
| 
| /* System header to define __stub macros and hopefully few prototypes,
|     which can conflict with char accept (); below.
|     Prefer <limits.h> to <assert.h> if __STDC__ is defined, since
|     <limits.h> exists even on freestanding compilers.  */
| 
| #ifdef __STDC__
| # include <limits.h>
| #else
| # include <assert.h>
| #endif
| 
| #undef accept
| 
| /* Override any gcc2 internal prototype to avoid an error.  */
| #ifdef __cplusplus
| extern "C"
| {
| #endif
| /* We use char because int might match the return type of a gcc2
|    builtin and then its argument prototype would still apply.  */
| char accept ();
| /* The GNU C library defines this for functions which it implements
|     to always fail with ENOSYS.  Some functions are actually named
|     something starting with __ and the normal name is an alias.  */
| #if defined (__stub_accept) || defined (__stub___accept)
| choke me
| #else
| char (*f) () = accept;
| #endif
| #ifdef __cplusplus
| }
| #endif
| 
| int
| main ()
| {
| return f != accept;
|   ;
|   return 0;
| }
configure:4404: result: no
configure:4413: checking for gethostbyname
configure:4470: mingw32-gcc -pipe -o conftest.exe -O2   conftest.c  >&5
/var/tmp//ccahX3Fu.o(.text+0x1a):conftest.c: undefined reference to `gethostbyname'
/var/tmp//ccahX3Fu.o(.data+0x0):conftest.c: undefined reference to `gethostbyname'
configure:4476: $? = 1
configure: failed program was:
| /* confdefs.h.  */
| 
| #define PACKAGE_NAME "vlerq"
| #define PACKAGE_TARNAME "vlerq"
| #define PACKAGE_VERSION "1"
| #define PACKAGE_STRING "vlerq 1"
| #define PACKAGE_BUGREPORT ""
| #define STDC_HEADERS 1
| #define HAVE_SYS_TYPES_H 1
| #define HAVE_SYS_STAT_H 1
| #define HAVE_STDLIB_H 1
| #define HAVE_STRING_H 1
| #define HAVE_MEMORY_H 1
| #define HAVE_STRINGS_H 1
| #define HAVE_INTTYPES_H 1
| #define HAVE_STDINT_H 1
| #define HAVE_UNISTD_H 1
| /* end confdefs.h.  */
| /* Define gethostbyname to an innocuous variant, in case <limits.h> declares gethostbyname.
|    For example, HP-UX 11i <limits.h> declares gettimeofday.  */
| #define gethostbyname innocuous_gethostbyname
| 
| /* System header to define __stub macros and hopefully few prototypes,
|     which can conflict with char gethostbyname (); below.
|     Prefer <limits.h> to <assert.h> if __STDC__ is defined, since
|     <limits.h> exists even on freestanding compilers.  */
| 
| #ifdef __STDC__
| # include <limits.h>
| #else
| # include <assert.h>
| #endif
| 
| #undef gethostbyname
| 
| /* Override any gcc2 internal prototype to avoid an error.  */
| #ifdef __cplusplus
| extern "C"
| {
| #endif
| /* We use char because int might match the return type of a gcc2
|    builtin and then its argument prototype would still apply.  */
| char gethostbyname ();
| /* The GNU C library defines this for functions which it implements
|     to always fail with ENOSYS.  Some functions are actually named
|     something starting with __ and the normal name is an alias.  */
| #if defined (__stub_gethostbyname) || defined (__stub___gethostbyname)
| choke me
| #else
| char (*f) () = gethostbyname;
| #endif
| #ifdef __cplusplus
| }
| #endif
| 
| int
| main ()
| {
| return f != gethostbyname;
|   ;
|   return 0;
| }
configure:4501: result: no
configure:4506: checking for gethostbyname in -lnsl
configure:4536: mingw32-gcc -pipe -o conftest.exe -O2   conftest.c -lnsl   >&5
/usr/local/xmingw32/lib/gcc-lib/mingw32/3.2.3/../../../../mingw32/bin/ld: cannot find -lnsl
configure:4542: $? = 1
configure: failed program was:
| /* confdefs.h.  */
| 
| #define PACKAGE_NAME "vlerq"
| #define PACKAGE_TARNAME "vlerq"
| #define PACKAGE_VERSION "1"
| #define PACKAGE_STRING "vlerq 1"
| #define PACKAGE_BUGREPORT ""
| #define STDC_HEADERS 1
| #define HAVE_SYS_TYPES_H 1
| #define HAVE_SYS_STAT_H 1
| #define HAVE_STDLIB_H 1
| #define HAVE_STRING_H 1
| #define HAVE_MEMORY_H 1
| #define HAVE_STRINGS_H 1
| #define HAVE_INTTYPES_H 1
| #define HAVE_STDINT_H 1
| #define HAVE_UNISTD_H 1
| /* end confdefs.h.  */
| 
| /* Override any gcc2 internal prototype to avoid an error.  */
| #ifdef __cplusplus
| extern "C"
| #endif
| /* We use char because int might match the return type of a gcc2
|    builtin and then its argument prototype would still apply.  */
| char gethostbyname ();
| int
| main ()
| {
| gethostbyname ();
|   ;
|   return 0;
| }
configure:4568: result: no
configure:4585: checking dirent.h
configure:4625: mingw32-gcc -pipe -o conftest.exe -O2   conftest.c  >&5
configure:4631: $? = 0
configure:4635: test -z 
			 || test ! -s conftest.err
configure:4638: $? = 0
configure:4641: test -s conftest.exe
configure:4644: $? = 0
configure:4656: result: yes
configure:4677: checking errno.h usability
configure:4689: mingw32-gcc -pipe -c -O2  conftest.c >&5
configure:4695: $? = 0
configure:4699: test -z 
			 || test ! -s conftest.err
configure:4702: $? = 0
configure:4705: test -s conftest.o
configure:4708: $? = 0
configure:4718: result: yes
configure:4722: checking errno.h presence
configure:4732: mingw32-gcc -E  conftest.c
configure:4738: $? = 0
configure:4758: result: yes
configure:4793: checking for errno.h
configure:4800: result: yes
configure:4825: checking float.h usability
configure:4837: mingw32-gcc -pipe -c -O2  conftest.c >&5
configure:4843: $? = 0
configure:4847: test -z 
			 || test ! -s conftest.err
configure:4850: $? = 0
configure:4853: test -s conftest.o
configure:4856: $? = 0
configure:4866: result: yes
configure:4870: checking float.h presence
configure:4880: mingw32-gcc -E  conftest.c
configure:4886: $? = 0
configure:4906: result: yes
configure:4941: checking for float.h
configure:4948: result: yes
configure:4973: checking values.h usability
configure:4985: mingw32-gcc -pipe -c -O2  conftest.c >&5
configure:4991: $? = 0
configure:4995: test -z 
			 || test ! -s conftest.err
configure:4998: $? = 0
configure:5001: test -s conftest.o
configure:5004: $? = 0
configure:5014: result: yes
configure:5018: checking values.h presence
configure:5028: mingw32-gcc -E  conftest.c
configure:5034: $? = 0
configure:5054: result: yes
configure:5089: checking for values.h
configure:5096: result: yes
configure:5121: checking limits.h usability
configure:5133: mingw32-gcc -pipe -c -O2  conftest.c >&5
configure:5139: $? = 0
configure:5143: test -z 
			 || test ! -s conftest.err
configure:5146: $? = 0
configure:5149: test -s conftest.o
configure:5152: $? = 0
configure:5162: result: yes
configure:5166: checking limits.h presence
configure:5176: mingw32-gcc -E  conftest.c
configure:5182: $? = 0
configure:5202: result: yes
configure:5237: checking for limits.h
configure:5244: result: yes
configure:5264: checking for stdlib.h
configure:5269: result: yes
configure:5466: checking for string.h
configure:5471: result: yes
configure:5665: checking sys/wait.h usability
configure:5677: mingw32-gcc -pipe -c -O2  conftest.c >&5
conftest.c:54:22: sys/wait.h: No such file or directory
configure:5683: $? = 1
configure: failed program was:
| /* confdefs.h.  */
| 
| #define PACKAGE_NAME "vlerq"
| #define PACKAGE_TARNAME "vlerq"
| #define PACKAGE_VERSION "1"
| #define PACKAGE_STRING "vlerq 1"
| #define PACKAGE_BUGREPORT ""
| #define STDC_HEADERS 1
| #define HAVE_SYS_TYPES_H 1
| #define HAVE_SYS_STAT_H 1
| #define HAVE_STDLIB_H 1
| #define HAVE_STRING_H 1
| #define HAVE_MEMORY_H 1
| #define HAVE_STRINGS_H 1
| #define HAVE_INTTYPES_H 1
| #define HAVE_STDINT_H 1
| #define HAVE_UNISTD_H 1
| #define HAVE_LIMITS_H 1
| /* end confdefs.h.  */
| #include <stdio.h>
| #if HAVE_SYS_TYPES_H
| # include <sys/types.h>
| #endif
| #if HAVE_SYS_STAT_H
| # include <sys/stat.h>
| #endif
| #if STDC_HEADERS
| # include <stdlib.h>
| # include <stddef.h>
| #else
| # if HAVE_STDLIB_H
| #  include <stdlib.h>
| # endif
| #endif
| #if HAVE_STRING_H
| # if !STDC_HEADERS && HAVE_MEMORY_H
| #  include <memory.h>
| # endif
| # include <string.h>
| #endif
| #if HAVE_STRINGS_H
| # include <strings.h>
| #endif
| #if HAVE_INTTYPES_H
| # include <inttypes.h>
| #else
| # if HAVE_STDINT_H
| #  include <stdint.h>
| # endif
| #endif
| #if HAVE_UNISTD_H
| # include <unistd.h>
| #endif
| #include <sys/wait.h>
configure:5706: result: no
configure:5710: checking sys/wait.h presence
configure:5720: mingw32-gcc -E  conftest.c
conftest.c:20:22: sys/wait.h: No such file or directory
configure:5726: $? = 1
configure: failed program was:
| /* confdefs.h.  */
| 
| #define PACKAGE_NAME "vlerq"
| #define PACKAGE_TARNAME "vlerq"
| #define PACKAGE_VERSION "1"
| #define PACKAGE_STRING "vlerq 1"
| #define PACKAGE_BUGREPORT ""
| #define STDC_HEADERS 1
| #define HAVE_SYS_TYPES_H 1
| #define HAVE_SYS_STAT_H 1
| #define HAVE_STDLIB_H 1
| #define HAVE_STRING_H 1
| #define HAVE_MEMORY_H 1
| #define HAVE_STRINGS_H 1
| #define HAVE_INTTYPES_H 1
| #define HAVE_STDINT_H 1
| #define HAVE_UNISTD_H 1
| #define HAVE_LIMITS_H 1
| /* end confdefs.h.  */
| #include <sys/wait.h>
configure:5746: result: no
configure:5781: checking for sys/wait.h
configure:5788: result: no
configure:5813: checking dlfcn.h usability
configure:5825: mingw32-gcc -pipe -c -O2  conftest.c >&5
conftest.c:55:19: dlfcn.h: No such file or directory
configure:5831: $? = 1
configure: failed program was:
| /* confdefs.h.  */
| 
| #define PACKAGE_NAME "vlerq"
| #define PACKAGE_TARNAME "vlerq"
| #define PACKAGE_VERSION "1"
| #define PACKAGE_STRING "vlerq 1"
| #define PACKAGE_BUGREPORT ""
| #define STDC_HEADERS 1
| #define HAVE_SYS_TYPES_H 1
| #define HAVE_SYS_STAT_H 1
| #define HAVE_STDLIB_H 1
| #define HAVE_STRING_H 1
| #define HAVE_MEMORY_H 1
| #define HAVE_STRINGS_H 1
| #define HAVE_INTTYPES_H 1
| #define HAVE_STDINT_H 1
| #define HAVE_UNISTD_H 1
| #define HAVE_LIMITS_H 1
| #define NO_SYS_WAIT_H 1
| /* end confdefs.h.  */
| #include <stdio.h>
| #if HAVE_SYS_TYPES_H
| # include <sys/types.h>
| #endif
| #if HAVE_SYS_STAT_H
| # include <sys/stat.h>
| #endif
| #if STDC_HEADERS
| # include <stdlib.h>
| # include <stddef.h>
| #else
| # if HAVE_STDLIB_H
| #  include <stdlib.h>
| # endif
| #endif
| #if HAVE_STRING_H
| # if !STDC_HEADERS && HAVE_MEMORY_H
| #  include <memory.h>
| # endif
| # include <string.h>
| #endif
| #if HAVE_STRINGS_H
| # include <strings.h>
| #endif
| #if HAVE_INTTYPES_H
| # include <inttypes.h>
| #else
| # if HAVE_STDINT_H
| #  include <stdint.h>
| # endif
| #endif
| #if HAVE_UNISTD_H
| # include <unistd.h>
| #endif
| #include <dlfcn.h>
configure:5854: result: no
configure:5858: checking dlfcn.h presence
configure:5868: mingw32-gcc -E  conftest.c
conftest.c:21:19: dlfcn.h: No such file or directory
configure:5874: $? = 1
configure: failed program was:
| /* confdefs.h.  */
| 
| #define PACKAGE_NAME "vlerq"
| #define PACKAGE_TARNAME "vlerq"
| #define PACKAGE_VERSION "1"
| #define PACKAGE_STRING "vlerq 1"
| #define PACKAGE_BUGREPORT ""
| #define STDC_HEADERS 1
| #define HAVE_SYS_TYPES_H 1
| #define HAVE_SYS_STAT_H 1
| #define HAVE_STDLIB_H 1
| #define HAVE_STRING_H 1
| #define HAVE_MEMORY_H 1
| #define HAVE_STRINGS_H 1
| #define HAVE_INTTYPES_H 1
| #define HAVE_STDINT_H 1
| #define HAVE_UNISTD_H 1
| #define HAVE_LIMITS_H 1
| #define NO_SYS_WAIT_H 1
| /* end confdefs.h.  */
| #include <dlfcn.h>
configure:5894: result: no
configure:5929: checking for dlfcn.h
configure:5936: result: no
configure:5967: checking sys/param.h usability
configure:5979: mingw32-gcc -pipe -c -O2  conftest.c >&5
configure:5985: $? = 0
configure:5989: test -z 
			 || test ! -s conftest.err
configure:5992: $? = 0
configure:5995: test -s conftest.o
configure:5998: $? = 0
configure:6008: result: yes
configure:6012: checking sys/param.h presence
configure:6022: mingw32-gcc -E  conftest.c
configure:6028: $? = 0
configure:6048: result: yes
configure:6083: checking for sys/param.h
configure:6090: result: yes
configure:6271: checking for Tcl public headers
configure:6345: result: /Library/Frameworks/Tcl.framework/Headers
configure:6414: checking for pthread_mutex_init in -lpthread
configure:6444: mingw32-gcc -pipe -o conftest.exe -O2   conftest.c -lpthread   >&5
/usr/local/xmingw32/lib/gcc-lib/mingw32/3.2.3/../../../../mingw32/bin/ld: cannot find -lpthread
configure:6450: $? = 1
configure: failed program was:
| /* confdefs.h.  */
| 
| #define PACKAGE_NAME "vlerq"
| #define PACKAGE_TARNAME "vlerq"
| #define PACKAGE_VERSION "1"
| #define PACKAGE_STRING "vlerq 1"
| #define PACKAGE_BUGREPORT ""
| #define STDC_HEADERS 1
| #define HAVE_SYS_TYPES_H 1
| #define HAVE_SYS_STAT_H 1
| #define HAVE_STDLIB_H 1
| #define HAVE_STRING_H 1
| #define HAVE_MEMORY_H 1
| #define HAVE_STRINGS_H 1
| #define HAVE_INTTYPES_H 1
| #define HAVE_STDINT_H 1
| #define HAVE_UNISTD_H 1
| #define HAVE_LIMITS_H 1
| #define NO_SYS_WAIT_H 1
| #define NO_DLFCN_H 1
| #define HAVE_SYS_PARAM_H 1
| #define USE_THREAD_ALLOC 1
| #define _REENTRANT 1
| #define _THREAD_SAFE 1
| /* end confdefs.h.  */
| 
| /* Override any gcc2 internal prototype to avoid an error.  */
| #ifdef __cplusplus
| extern "C"
| #endif
| /* We use char because int might match the return type of a gcc2
|    builtin and then its argument prototype would still apply.  */
| char pthread_mutex_init ();
| int
| main ()
| {
| pthread_mutex_init ();
|   ;
|   return 0;
| }
configure:6476: result: no
configure:6490: checking for __pthread_mutex_init in -lpthread
configure:6520: mingw32-gcc -pipe -o conftest.exe -O2   conftest.c -lpthread   >&5
/usr/local/xmingw32/lib/gcc-lib/mingw32/3.2.3/../../../../mingw32/bin/ld: cannot find -lpthread
configure:6526: $? = 1
configure: failed program was:
| /* confdefs.h.  */
| 
| #define PACKAGE_NAME "vlerq"
| #define PACKAGE_TARNAME "vlerq"
| #define PACKAGE_VERSION "1"
| #define PACKAGE_STRING "vlerq 1"
| #define PACKAGE_BUGREPORT ""
| #define STDC_HEADERS 1
| #define HAVE_SYS_TYPES_H 1
| #define HAVE_SYS_STAT_H 1
| #define HAVE_STDLIB_H 1
| #define HAVE_STRING_H 1
| #define HAVE_MEMORY_H 1
| #define HAVE_STRINGS_H 1
| #define HAVE_INTTYPES_H 1
| #define HAVE_STDINT_H 1
| #define HAVE_UNISTD_H 1
| #define HAVE_LIMITS_H 1
| #define NO_SYS_WAIT_H 1
| #define NO_DLFCN_H 1
| #define HAVE_SYS_PARAM_H 1
| #define USE_THREAD_ALLOC 1
| #define _REENTRANT 1
| #define _THREAD_SAFE 1
| /* end confdefs.h.  */
| 
| /* Override any gcc2 internal prototype to avoid an error.  */
| #ifdef __cplusplus
| extern "C"
| #endif
| /* We use char because int might match the return type of a gcc2
|    builtin and then its argument prototype would still apply.  */
| char __pthread_mutex_init ();
| int
| main ()
| {
| __pthread_mutex_init ();
|   ;
|   return 0;
| }
configure:6552: result: no
configure:6566: checking for pthread_mutex_init in -lpthreads
configure:6596: mingw32-gcc -pipe -o conftest.exe -O2   conftest.c -lpthreads   >&5
/usr/local/xmingw32/lib/gcc-lib/mingw32/3.2.3/../../../../mingw32/bin/ld: cannot find -lpthreads
configure:6602: $? = 1
configure: failed program was:
| /* confdefs.h.  */
| 
| #define PACKAGE_NAME "vlerq"
| #define PACKAGE_TARNAME "vlerq"
| #define PACKAGE_VERSION "1"
| #define PACKAGE_STRING "vlerq 1"
| #define PACKAGE_BUGREPORT ""
| #define STDC_HEADERS 1
| #define HAVE_SYS_TYPES_H 1
| #define HAVE_SYS_STAT_H 1
| #define HAVE_STDLIB_H 1
| #define HAVE_STRING_H 1
| #define HAVE_MEMORY_H 1
| #define HAVE_STRINGS_H 1
| #define HAVE_INTTYPES_H 1
| #define HAVE_STDINT_H 1
| #define HAVE_UNISTD_H 1
| #define HAVE_LIMITS_H 1
| #define NO_SYS_WAIT_H 1
| #define NO_DLFCN_H 1
| #define HAVE_SYS_PARAM_H 1
| #define USE_THREAD_ALLOC 1
| #define _REENTRANT 1
| #define _THREAD_SAFE 1
| /* end confdefs.h.  */
| 
| /* Override any gcc2 internal prototype to avoid an error.  */
| #ifdef __cplusplus
| extern "C"
| #endif
| /* We use char because int might match the return type of a gcc2
|    builtin and then its argument prototype would still apply.  */
| char pthread_mutex_init ();
| int
| main ()
| {
| pthread_mutex_init ();
|   ;
|   return 0;
| }
configure:6628: result: no
configure:6640: checking for pthread_mutex_init in -lc
configure:6670: mingw32-gcc -pipe -o conftest.exe -O2   conftest.c -lc   >&5
/usr/local/xmingw32/lib/gcc-lib/mingw32/3.2.3/../../../../mingw32/bin/ld: cannot find -lc
configure:6676: $? = 1
configure: failed program was:
| /* confdefs.h.  */
| 
| #define PACKAGE_NAME "vlerq"
| #define PACKAGE_TARNAME "vlerq"
| #define PACKAGE_VERSION "1"
| #define PACKAGE_STRING "vlerq 1"
| #define PACKAGE_BUGREPORT ""
| #define STDC_HEADERS 1
| #define HAVE_SYS_TYPES_H 1
| #define HAVE_SYS_STAT_H 1
| #define HAVE_STDLIB_H 1
| #define HAVE_STRING_H 1
| #define HAVE_MEMORY_H 1
| #define HAVE_STRINGS_H 1
| #define HAVE_INTTYPES_H 1
| #define HAVE_STDINT_H 1
| #define HAVE_UNISTD_H 1
| #define HAVE_LIMITS_H 1
| #define NO_SYS_WAIT_H 1
| #define NO_DLFCN_H 1
| #define HAVE_SYS_PARAM_H 1
| #define USE_THREAD_ALLOC 1
| #define _REENTRANT 1
| #define _THREAD_SAFE 1
| /* end confdefs.h.  */
| 
| /* Override any gcc2 internal prototype to avoid an error.  */
| #ifdef __cplusplus
| extern "C"
| #endif
| /* We use char because int might match the return type of a gcc2
|    builtin and then its argument prototype would still apply.  */
| char pthread_mutex_init ();
| int
| main ()
| {
| pthread_mutex_init ();
|   ;
|   return 0;
| }
configure:6702: result: no
configure:6711: checking for pthread_mutex_init in -lc_r
configure:6741: mingw32-gcc -pipe -o conftest.exe -O2   conftest.c -lc_r   >&5
/usr/local/xmingw32/lib/gcc-lib/mingw32/3.2.3/../../../../mingw32/bin/ld: cannot find -lc_r
configure:6747: $? = 1
configure: failed program was:
| /* confdefs.h.  */
| 
| #define PACKAGE_NAME "vlerq"
| #define PACKAGE_TARNAME "vlerq"
| #define PACKAGE_VERSION "1"
| #define PACKAGE_STRING "vlerq 1"
| #define PACKAGE_BUGREPORT ""
| #define STDC_HEADERS 1
| #define HAVE_SYS_TYPES_H 1
| #define HAVE_SYS_STAT_H 1
| #define HAVE_STDLIB_H 1
| #define HAVE_STRING_H 1
| #define HAVE_MEMORY_H 1
| #define HAVE_STRINGS_H 1
| #define HAVE_INTTYPES_H 1
| #define HAVE_STDINT_H 1
| #define HAVE_UNISTD_H 1
| #define HAVE_LIMITS_H 1
| #define NO_SYS_WAIT_H 1
| #define NO_DLFCN_H 1
| #define HAVE_SYS_PARAM_H 1
| #define USE_THREAD_ALLOC 1
| #define _REENTRANT 1
| #define _THREAD_SAFE 1
| /* end confdefs.h.  */
| 
| /* Override any gcc2 internal prototype to avoid an error.  */
| #ifdef __cplusplus
| extern "C"
| #endif
| /* We use char because int might match the return type of a gcc2
|    builtin and then its argument prototype would still apply.  */
| char pthread_mutex_init ();
| int
| main ()
| {
| pthread_mutex_init ();
|   ;
|   return 0;
| }
configure:6773: result: no
configure:6786: WARNING: Do not know how to find pthread lib on your system - thread support disabled
configure:6797: checking for building with threads
configure:6808: result: no
configure:6818: WARNING:
    Building vlerq without threads enabled, but building against Tcl
    that IS thread-enabled.  It is recommended to use --enable-threads.
configure:6846: checking how to build libraries
configure:6864: result: shared
configure:6891: checking if 64bit support is requested
configure:6900: result: no
configure:6905: checking if 64bit Sparc VIS support is requested
configure:6914: result: no
configure:6942: checking system version
configure:6972: result: Darwin-8.6.0
configure:6980: checking for dlopen in -ldl
configure:7010: mingw32-gcc -pipe -o conftest.exe -O2   conftest.c -ldl   >&5
/usr/local/xmingw32/lib/gcc-lib/mingw32/3.2.3/../../../../mingw32/bin/ld: cannot find -ldl
configure:7016: $? = 1
configure: failed program was:
| /* confdefs.h.  */
| 
| #define PACKAGE_NAME "vlerq"
| #define PACKAGE_TARNAME "vlerq"
| #define PACKAGE_VERSION "1"
| #define PACKAGE_STRING "vlerq 1"
| #define PACKAGE_BUGREPORT ""
| #define STDC_HEADERS 1
| #define HAVE_SYS_TYPES_H 1
| #define HAVE_SYS_STAT_H 1
| #define HAVE_STDLIB_H 1
| #define HAVE_STRING_H 1
| #define HAVE_MEMORY_H 1
| #define HAVE_STRINGS_H 1
| #define HAVE_INTTYPES_H 1
| #define HAVE_STDINT_H 1
| #define HAVE_UNISTD_H 1
| #define HAVE_LIMITS_H 1
| #define NO_SYS_WAIT_H 1
| #define NO_DLFCN_H 1
| #define HAVE_SYS_PARAM_H 1
| #define USE_THREAD_ALLOC 1
| #define _REENTRANT 1
| #define _THREAD_SAFE 1
| /* end confdefs.h.  */
| 
| /* Override any gcc2 internal prototype to avoid an error.  */
| #ifdef __cplusplus
| extern "C"
| #endif
| /* We use char because int might match the return type of a gcc2
|    builtin and then its argument prototype would still apply.  */
| char dlopen ();
| int
| main ()
| {
| dlopen ();
|   ;
|   return 0;
| }
configure:7042: result: no
configure:7083: checking for ar
configure:7109: result: mingw32-ar
configure:8166: checking if ld accepts -single_module flag
configure:8190: mingw32-gcc -pipe -o conftest.exe -O2   -dynamiclib -Wl,-single_module conftest.c  >&5
cc1: warning: unrecognized gcc debugging option: m
Starting parse
Entering state 0
Reading a token: Next token is 260 (TYPESPEC [CPP_NAME] `int')
Reducing via rule 3 (line 306),  -> @1
state stack now 0
Entering state 2
Next token is 260 (TYPESPEC [CPP_NAME] `int')
Shifting token 260 (TYPESPEC), Entering state 7
Reducing via rule 264 (line 1275), TYPESPEC  -> typespec_reserved_nonattr
state stack now 0 2
Entering state 43
Reducing via rule 261 (line 1266), typespec_reserved_nonattr  -> typespec_nonattr
state stack now 0 2
Entering state 41
Reducing via rule 134 (line 865), typespec_nonattr  -> declspecs_nosc_ts_nosa_noea
state stack now 0 2
Entering state 26
Reading a token: Next token is 257 (IDENTIFIER [CPP_NAME] `main')
Reducing via rule 203 (line 1157), declspecs_nosc_ts_nosa_noea  -> declspecs_ts
state stack now 0 2
Entering state 38
Reducing via rule 118 (line 747),  -> setspecs
state stack now 0 2 38
Entering state 141
Next token is 257 (IDENTIFIER [CPP_NAME] `main')
Shifting token 257 (IDENTIFIER), Entering state 63
Reducing via rule 347 (line 1606), IDENTIFIER  -> notype_declarator
state stack now 0 2 38 141
Entering state 223
Reading a token: Next token is 40 ('(' [(])
Shifting token 40 ('('), Entering state 211
Reading a token: Next token is 41 (')' [)])
Reducing via rule 282 (line 1349),  -> maybe_attribute
state stack now 0 2 38 141 223 211
Entering state 295
Reducing via rule 552 (line 2491),  -> @42
state stack now 0 2 38 141 223 211 295
Entering state 398
Next token is 41 (')' [)])
Reducing via rule 535 (line 2403),  -> parmlist_2
state stack now 0 2 38 141 223 211 295 398
Entering state 486
Next token is 41 (')' [)])
Shifting token 41 (')'), Entering state 555
Reducing via rule 530 (line 2382), parmlist_2 ')'  -> parmlist_1
state stack now 0 2 38 141 223 211 295 398
Entering state 485
Reducing via rule 554 (line 2502), parmlist_1  -> parmlist_or_identifiers_1
state stack now 0 2 38 141 223 211 295 398
Entering state 489
Reducing via rule 553 (line 2491), maybe_attribute @42 parmlist_or_identifiers_1  -> parmlist_or_identifiers
state stack now 0 2 38 141 223 211
Entering state 296
Reducing via rule 343 (line 1594), notype_declarator '(' parmlist_or_identifiers  -> notype_declarator
state stack now 0 2 38 141
Entering state 223
Reading a token: Next token is 123 ('{' [{])
Reducing via rule 327 (line 1535), notype_declarator  -> declarator
state stack now 0 2 38 141
Entering state 221
Next token is 123 ('{' [{])
Reducing via rule 18 (line 347),  -> @3
state stack now 0 2 38 141 221
Entering state 314
Next token is 123 ('{' [{])
Reducing via rule 105 (line 693),  -> old_style_parm_decls
state stack now 0 2 38 141 221 314
Entering state 417
Reducing via rule 19 (line 347),  -> @4
state stack now 0 2 38 141 221 314 417
Entering state 504
Reducing via rule 473 (line 2114),  -> save_filename
state stack now 0 2 38 141 221 314 417 504
Entering state 571
Reducing via rule 474 (line 2120),  -> save_lineno
state stack now 0 2 38 141 221 314 417 504 571
Entering state 669
Next token is 123 ('{' [{])
Shifting token 123 ('{'), Entering state 611
Reducing via rule 460 (line 2020), '{'  -> compstmt_start
state stack now 0 2 38 141 221 314 417 504 571 669
Entering state 619
Reading a token: Next token is 260 (TYPESPEC [CPP_NAME] `int')
Reducing via rule 449 (line 1945),  -> pushlevel
state stack now 0 2 38 141 221 314 417 504 571 669 619
Entering state 277
Next token is 260 (TYPESPEC [CPP_NAME] `int')
Reducing via rule 453 (line 1988),  -> maybe_label_decls
state stack now 0 2 38 141 221 314 417 504 571 669 619 277
Entering state 379
Next token is 260 (TYPESPEC [CPP_NAME] `int')
Reducing via rule 473 (line 2114),  -> save_filename
state stack now 0 2 38 141 221 314 417 504 571 669 619 277 379
Entering state 458
Reducing via rule 474 (line 2120),  -> save_lineno
state stack now 0 2 38 141 221 314 417 504 571 669 619 277 379 458
Entering state 541
Next token is 260 (TYPESPEC [CPP_NAME] `int')
Shifting token 260 (TYPESPEC), Entering state 7
Reducing via rule 264 (line 1275), TYPESPEC  -> typespec_reserved_nonattr
state stack now 0 2 38 141 221 314 417 504 571 669 619 277 379 458 541
Entering state 43
Reducing via rule 261 (line 1266), typespec_reserved_nonattr  -> typespec_nonattr
state stack now 0 2 38 141 221 314 417 504 571 669 619 277 379 458 541
Entering state 41
Reducing via rule 134 (line 865), typespec_nonattr  -> declspecs_nosc_ts_nosa_noea
state stack now 0 2 38 141 221 314 417 504 571 669 619 277 379 458 541
Entering state 26
Reading a token: Next token is 257 (IDENTIFIER [CPP_NAME] `i')
Reducing via rule 203 (line 1157), declspecs_nosc_ts_nosa_noea  -> declspecs_ts
state stack now 0 2 38 141 221 314 417 504 571 669 619 277 379 458 541
Entering state 615
Reducing via rule 118 (line 747),  -> setspecs
state stack now 0 2 38 141 221 314 417 504 571 669 619 277 379 458 541 615
Entering state 703
Next token is 257 (IDENTIFIER [CPP_NAME] `i')
Shifting token 257 (IDENTIFIER), Entering state 63
Reducing via rule 347 (line 1606), IDENTIFIER  -> notype_declarator
state stack now 0 2 38 141 221 314 417 504 571 669 619 277 379 458 541 615 703
Entering state 223
Reading a token: Next token is 59 (';' [;])
Reducing via rule 327 (line 1535), notype_declarator  -> declarator
state stack now 0 2 38 141 221 314 417 504 571 669 619 277 379 458 541 615 703
Entering state 764
Next token is 59 (';' [;])
Reducing via rule 274 (line 1308),  -> maybeasm
state stack now 0 2 38 141 221 314 417 504 571 669 619 277 379 458 541 615 703 764
Entering state 315
Next token is 59 (';' [;])
Reducing via rule 282 (line 1349),  -> maybe_attribute
state stack now 0 2 38 141 221 314 417 504 571 669 619 277 379 458 541 615 703 764 315
Entering state 418
Next token is 59 (';' [;])
Reducing via rule 278 (line 1326), declarator maybeasm maybe_attribute  -> initdcl
state stack now 0 2 38 141 221 314 417 504 571 669 619 277 379 458 541 615 703
Entering state 220
Reducing via rule 270 (line 1298), initdcl  -> initdecls
state stack now 0 2 38 141 221 314 417 504 571 669 619 277 379 458 541 615 703
Entering state 762
Next token is 59 (';' [;])
Shifting token 59 (';'), Entering state 804
Reducing via rule 120 (line 762), declspecs_ts setspecs initdecls ';'  -> decl
state stack now 0 2 38 141 221 314 417 504 571 669 619 277 379 458 541
Entering state 614
Reducing via rule 117 (line 738), save_filename save_lineno decl  -> lineno_decl
state stack now 0 2 38 141 221 314 417 504 571 669 619 277 379
Entering state 449
Reducing via rule 433 (line 1913), lineno_decl  -> lineno_stmt_decl_or_labels_ending_decl
state stack now 0 2 38 141 221 314 417 504 571 669 619 277 379
Entering state 452
Reading a token: Next token is 59 (';' [;])
Reducing via rule 473 (line 2114),  -> save_filename
state stack now 0 2 38 141 221 314 417 504 571 669 619 277 379 452
Entering state 458
Reducing via rule 474 (line 2120),  -> save_lineno
state stack now 0 2 38 141 221 314 417 504 571 669 619 277 379 452 458
Entering state 541
Next token is 59 (';' [;])
Shifting token 59 (';'), Entering state 610
Reducing via rule 511 (line 2293), ';'  -> stmt
state stack now 0 2 38 141 221 314 417 504 571 669 619 277 379 452 458 541
Entering state 621
Reducing via rule 478 (line 2138), save_filename save_lineno stmt  -> lineno_stmt
state stack now 0 2 38 141 221 314 417 504 571 669 619 277 379 452
Entering state 531
Reducing via rule 430 (line 1908), lineno_stmt_decl_or_labels_ending_decl lineno_stmt  -> lineno_stmt_decl_or_labels_ending_stmt
state stack now 0 2 38 141 221 314 417 504 571 669 619 277 379
Entering state 451
Reading a token: Next token is 279 (RETURN [CPP_NAME])
Reducing via rule 473 (line 2114),  -> save_filename
state stack now 0 2 38 141 221 314 417 504 571 669 619 277 379 451
Entering state 458
Reducing via rule 474 (line 2120),  -> save_lineno
state stack now 0 2 38 141 221 314 417 504 571 669 619 277 379 451 458
Entering state 541
Next token is 279 (RETURN [CPP_NAME])
Shifting token 279 (RETURN), Entering state 607
Reading a token: Next token is 262 (CONSTANT [CPP_NUMBER] SI 0x000000000)
Shifting token 262 (CONSTANT), Entering state 155
Reducing via rule 85 (line 582), CONSTANT  -> primary
state stack now 0 2 38 141 221 314 417 504 571 669 619 277 379 451 458 541 607
Entering state 183
Reading a token: Next token is 59 (';' [;])
Reducing via rule 44 (line 433), primary  -> unary_expr
state stack now 0 2 38 141 221 314 417 504 571 669 619 277 379 451 458 541 607
Entering state 178
Reducing via rule 58 (line 495), unary_expr  -> cast_expr
state stack now 0 2 38 141 221 314 417 504 571 669 619 277 379 451 458 541 607
Entering state 181
Reducing via rule 60 (line 501), cast_expr  -> expr_no_commas
state stack now 0 2 38 141 221 314 417 504 571 669 619 277 379 451 458 541 607
Entering state 182
Next token is 59 (';' [;])
Reducing via rule 42 (line 426), expr_no_commas  -> nonnull_exprlist
state stack now 0 2 38 141 221 314 417 504 571 669 619 277 379 451 458 541 607
Entering state 177
Next token is 59 (';' [;])
Reducing via rule 39 (line 416), nonnull_exprlist  -> expr
state stack now 0 2 38 141 221 314 417 504 571 669 619 277 379 451 458 541 607
Entering state 696
Next token is 59 (';' [;])
Shifting token 59 (';'), Entering state 757
Reducing via rule 504 (line 2255), RETURN expr ';'  -> stmt
state stack now 0 2 38 141 221 314 417 504 571 669 619 277 379 451 458 541
Entering state 621
Reducing via rule 478 (line 2138), save_filename save_lineno stmt  -> lineno_stmt
state stack now 0 2 38 141 221 314 417 504 571 669 619 277 379 451
Entering state 528
Reducing via rule 429 (line 1907), lineno_stmt_decl_or_labels_ending_stmt lineno_stmt  -> lineno_stmt_decl_or_labels_ending_stmt
state stack now 0 2 38 141 221 314 417 504 571 669 619 277 379
Entering state 451
Reading a token: Next token is 125 ('}' [}])
Reducing via rule 424 (line 1895), lineno_stmt_decl_or_labels_ending_stmt  -> stmts_and_decls
state stack now 0 2 38 141 221 314 417 504 571 669 619 277 379
Entering state 450
Reducing via rule 463 (line 2033), stmts_and_decls  -> compstmt_contents_nonempty
state stack now 0 2 38 141 221 314 417 504 571 669 619 277 379
Entering state 457
Next token is 125 ('}' [}])
Shifting token 125 ('}'), Entering state 540
Reducing via rule 450 (line 1952),  -> poplevel
state stack now 0 2 38 141 221 314 417 504 571 669 619 277 379 457 540
Entering state 601
Reducing via rule 462 (line 2026), pushlevel maybe_label_decls compstmt_contents_nonempty '}' poplevel  -> compstmt_nostart
state stack now 0 2 38 141 221 314 417 504 571 669 619
Entering state 715
Reducing via rule 466 (line 2056), compstmt_start compstmt_nostart  -> compstmt
state stack now 0 2 38 141 221 314 417 504 571 669
Entering state 665
Reducing via rule 458 (line 2014), compstmt  -> compstmt_or_error
state stack now 0 2 38 141 221 314 417 504 571 669
Entering state 737
Reducing via rule 20 (line 347), declspecs_ts setspecs declarator @3 old_style_parm_decls @4 save_filename save_lineno compstmt_or_error  -> fndef
state stack now 0 2
Entering state 19
Reducing via rule 7 (line 311), fndef  -> extdef
state stack now 0 2
Entering state 17
Reducing via rule 4 (line 306), @1 extdef  -> extdefs
state stack now 0
Entering state 1
Reading a token: Now at end of input.
Reducing via rule 2 (line 291), extdefs  -> program
state stack now 0
Entering state 899
Now at end of input.
Shifting token 0 ($), Entering state 900
Now at end of input.
/usr/local/xmingw32/lib/gcc-lib/mingw32/3.2.3/../../../../mingw32/bin/ld: bad -rpath option
configure:8196: $? = 1
configure: failed program was:
| /* confdefs.h.  */
| 
| #define PACKAGE_NAME "vlerq"
| #define PACKAGE_TARNAME "vlerq"
| #define PACKAGE_VERSION "1"
| #define PACKAGE_STRING "vlerq 1"
| #define PACKAGE_BUGREPORT ""
| #define STDC_HEADERS 1
| #define HAVE_SYS_TYPES_H 1
| #define HAVE_SYS_STAT_H 1
| #define HAVE_STDLIB_H 1
| #define HAVE_STRING_H 1
| #define HAVE_MEMORY_H 1
| #define HAVE_STRINGS_H 1
| #define HAVE_INTTYPES_H 1
| #define HAVE_STDINT_H 1
| #define HAVE_UNISTD_H 1
| #define HAVE_LIMITS_H 1
| #define NO_SYS_WAIT_H 1
| #define NO_DLFCN_H 1
| #define HAVE_SYS_PARAM_H 1
| #define USE_THREAD_ALLOC 1
| #define _REENTRANT 1
| #define _THREAD_SAFE 1
| /* end confdefs.h.  */
| 
| int
| main ()
| {
| int i;
|   ;
|   return 0;
| }
configure:8222: result: no
configure:8236: checking if ld accepts -search_paths_first flag
configure:8260: mingw32-gcc -pipe -o conftest.exe -O2   -prebind -headerpad_max_install_names -Wl,-search_paths_first conftest.c  >&5
mingw32-gcc: unrecognized option `-prebind'
mingw32-gcc: unrecognized option `-headerpad_max_install_names'
/usr/local/xmingw32/lib/gcc-lib/mingw32/3.2.3/../../../../mingw32/bin/ld: warning: cannot find entry symbol arch_paths_first; defaulting to 00401000
configure:8266: $? = 0
configure:8270: test -z 
			 || test ! -s conftest.err
configure:8273: $? = 0
configure:8276: test -s conftest.exe
configure:8279: $? = 0
configure:8292: result: yes
configure:8730: checking for required early compiler flags
configure:8753: mingw32-gcc -pipe -c -O2  conftest.c >&5
configure:8759: $? = 0
configure:8763: test -z 
			 || test ! -s conftest.err
configure:8766: $? = 0
configure:8769: test -s conftest.o
configure:8772: $? = 0
configure:8858: mingw32-gcc -pipe -c -O2  conftest.c >&5
conftest.c: In function `main':
conftest.c:30: storage size of `buf' isn't known
configure:8864: $? = 1
configure: failed program was:
| /* confdefs.h.  */
| 
| #define PACKAGE_NAME "vlerq"
| #define PACKAGE_TARNAME "vlerq"
| #define PACKAGE_VERSION "1"
| #define PACKAGE_STRING "vlerq 1"
| #define PACKAGE_BUGREPORT ""
| #define STDC_HEADERS 1
| #define HAVE_SYS_TYPES_H 1
| #define HAVE_SYS_STAT_H 1
| #define HAVE_STDLIB_H 1
| #define HAVE_STRING_H 1
| #define HAVE_MEMORY_H 1
| #define HAVE_STRINGS_H 1
| #define HAVE_INTTYPES_H 1
| #define HAVE_STDINT_H 1
| #define HAVE_UNISTD_H 1
| #define HAVE_LIMITS_H 1
| #define NO_SYS_WAIT_H 1
| #define NO_DLFCN_H 1
| #define HAVE_SYS_PARAM_H 1
| #define USE_THREAD_ALLOC 1
| #define _REENTRANT 1
| #define _THREAD_SAFE 1
| /* end confdefs.h.  */
| #include <sys/stat.h>
| int
| main ()
| {
| struct stat64 buf; int i = stat64("/", &buf);
|   ;
|   return 0;
| }
configure:8901: mingw32-gcc -pipe -c -O2  conftest.c >&5
conftest.c: In function `main':
conftest.c:31: storage size of `buf' isn't known
configure:8907: $? = 1
configure: failed program was:
| /* confdefs.h.  */
| 
| #define PACKAGE_NAME "vlerq"
| #define PACKAGE_TARNAME "vlerq"
| #define PACKAGE_VERSION "1"
| #define PACKAGE_STRING "vlerq 1"
| #define PACKAGE_BUGREPORT ""
| #define STDC_HEADERS 1
| #define HAVE_SYS_TYPES_H 1
| #define HAVE_SYS_STAT_H 1
| #define HAVE_STDLIB_H 1
| #define HAVE_STRING_H 1
| #define HAVE_MEMORY_H 1
| #define HAVE_STRINGS_H 1
| #define HAVE_INTTYPES_H 1
| #define HAVE_STDINT_H 1
| #define HAVE_UNISTD_H 1
| #define HAVE_LIMITS_H 1
| #define NO_SYS_WAIT_H 1
| #define NO_DLFCN_H 1
| #define HAVE_SYS_PARAM_H 1
| #define USE_THREAD_ALLOC 1
| #define _REENTRANT 1
| #define _THREAD_SAFE 1
| /* end confdefs.h.  */
| #define _LARGEFILE64_SOURCE 1
| #include <sys/stat.h>
| int
| main ()
| {
| struct stat64 buf; int i = stat64("/", &buf);
|   ;
|   return 0;
| }
configure:8963: mingw32-gcc -pipe -c -O2  conftest.c >&5
conftest.c: In function `main':
conftest.c:30: `open64' undeclared (first use in this function)
conftest.c:30: (Each undeclared identifier is reported only once
conftest.c:30: for each function it appears in.)
configure:8969: $? = 1
configure: failed program was:
| /* confdefs.h.  */
| 
| #define PACKAGE_NAME "vlerq"
| #define PACKAGE_TARNAME "vlerq"
| #define PACKAGE_VERSION "1"
| #define PACKAGE_STRING "vlerq 1"
| #define PACKAGE_BUGREPORT ""
| #define STDC_HEADERS 1
| #define HAVE_SYS_TYPES_H 1
| #define HAVE_SYS_STAT_H 1
| #define HAVE_STDLIB_H 1
| #define HAVE_STRING_H 1
| #define HAVE_MEMORY_H 1
| #define HAVE_STRINGS_H 1
| #define HAVE_INTTYPES_H 1
| #define HAVE_STDINT_H 1
| #define HAVE_UNISTD_H 1
| #define HAVE_LIMITS_H 1
| #define NO_SYS_WAIT_H 1
| #define NO_DLFCN_H 1
| #define HAVE_SYS_PARAM_H 1
| #define USE_THREAD_ALLOC 1
| #define _REENTRANT 1
| #define _THREAD_SAFE 1
| /* end confdefs.h.  */
| #include <sys/stat.h>
| int
| main ()
| {
| char *p = (char *)open64;
|   ;
|   return 0;
| }
configure:9006: mingw32-gcc -pipe -c -O2  conftest.c >&5
conftest.c: In function `main':
conftest.c:31: `open64' undeclared (first use in this function)
conftest.c:31: (Each undeclared identifier is reported only once
conftest.c:31: for each function it appears in.)
configure:9012: $? = 1
configure: failed program was:
| /* confdefs.h.  */
| 
| #define PACKAGE_NAME "vlerq"
| #define PACKAGE_TARNAME "vlerq"
| #define PACKAGE_VERSION "1"
| #define PACKAGE_STRING "vlerq 1"
| #define PACKAGE_BUGREPORT ""
| #define STDC_HEADERS 1
| #define HAVE_SYS_TYPES_H 1
| #define HAVE_SYS_STAT_H 1
| #define HAVE_STDLIB_H 1
| #define HAVE_STRING_H 1
| #define HAVE_MEMORY_H 1
| #define HAVE_STRINGS_H 1
| #define HAVE_INTTYPES_H 1
| #define HAVE_STDINT_H 1
| #define HAVE_UNISTD_H 1
| #define HAVE_LIMITS_H 1
| #define NO_SYS_WAIT_H 1
| #define NO_DLFCN_H 1
| #define HAVE_SYS_PARAM_H 1
| #define USE_THREAD_ALLOC 1
| #define _REENTRANT 1
| #define _THREAD_SAFE 1
| /* end confdefs.h.  */
| #define _LARGEFILE_SOURCE64 1
| #include <sys/stat.h>
| int
| main ()
| {
| char *p = (char *)open64;
|   ;
|   return 0;
| }
configure:9049: result: none
configure:9057: checking for 64-bit integer type
configure:9081: mingw32-gcc -pipe -c -O2  conftest.c >&5
conftest.c: In function `main':
conftest.c:30: `__int64' undeclared (first use in this function)
conftest.c:30: (Each undeclared identifier is reported only once
conftest.c:30: for each function it appears in.)
conftest.c:30: parse error before "value"
configure:9087: $? = 1
configure: failed program was:
| /* confdefs.h.  */
| 
| #define PACKAGE_NAME "vlerq"
| #define PACKAGE_TARNAME "vlerq"
| #define PACKAGE_VERSION "1"
| #define PACKAGE_STRING "vlerq 1"
| #define PACKAGE_BUGREPORT ""
| #define STDC_HEADERS 1
| #define HAVE_SYS_TYPES_H 1
| #define HAVE_SYS_STAT_H 1
| #define HAVE_STDLIB_H 1
| #define HAVE_STRING_H 1
| #define HAVE_MEMORY_H 1
| #define HAVE_STRINGS_H 1
| #define HAVE_INTTYPES_H 1
| #define HAVE_STDINT_H 1
| #define HAVE_UNISTD_H 1
| #define HAVE_LIMITS_H 1
| #define NO_SYS_WAIT_H 1
| #define NO_DLFCN_H 1
| #define HAVE_SYS_PARAM_H 1
| #define USE_THREAD_ALLOC 1
| #define _REENTRANT 1
| #define _THREAD_SAFE 1
| /* end confdefs.h.  */
| 
| int
| main ()
| {
| __int64 value = (__int64) 0;
|   ;
|   return 0;
| }
configure:9131: mingw32-gcc -pipe -c -O2  conftest.c >&5
configure:9137: $? = 0
configure:9141: test -z 
			 || test ! -s conftest.err
configure:9144: $? = 0
configure:9147: test -s conftest.o
configure:9150: $? = 0
configure:9181: result: long long
configure:9185: checking for struct dirent64
configure:9208: mingw32-gcc -pipe -c -O2  conftest.c >&5
conftest.c:28:24: sys/dirent.h: No such file or directory
conftest.c: In function `main':
conftest.c:32: storage size of `p' isn't known
configure:9214: $? = 1
configure: failed program was:
| /* confdefs.h.  */
| 
| #define PACKAGE_NAME "vlerq"
| #define PACKAGE_TARNAME "vlerq"
| #define PACKAGE_VERSION "1"
| #define PACKAGE_STRING "vlerq 1"
| #define PACKAGE_BUGREPORT ""
| #define STDC_HEADERS 1
| #define HAVE_SYS_TYPES_H 1
| #define HAVE_SYS_STAT_H 1
| #define HAVE_STDLIB_H 1
| #define HAVE_STRING_H 1
| #define HAVE_MEMORY_H 1
| #define HAVE_STRINGS_H 1
| #define HAVE_INTTYPES_H 1
| #define HAVE_STDINT_H 1
| #define HAVE_UNISTD_H 1
| #define HAVE_LIMITS_H 1
| #define NO_SYS_WAIT_H 1
| #define NO_DLFCN_H 1
| #define HAVE_SYS_PARAM_H 1
| #define USE_THREAD_ALLOC 1
| #define _REENTRANT 1
| #define _THREAD_SAFE 1
| #define TCL_WIDE_INT_TYPE long long
| /* end confdefs.h.  */
| #include <sys/types.h>
| #include <sys/dirent.h>
| int
| main ()
| {
| struct dirent64 p;
|   ;
|   return 0;
| }
configure:9238: result: no
configure:9248: checking for struct stat64
configure:9271: mingw32-gcc -pipe -c -O2  conftest.c >&5
conftest.c: In function `main':
conftest.c:31: storage size of `p' isn't known
configure:9277: $? = 1
configure: failed program was:
| /* confdefs.h.  */
| 
| #define PACKAGE_NAME "vlerq"
| #define PACKAGE_TARNAME "vlerq"
| #define PACKAGE_VERSION "1"
| #define PACKAGE_STRING "vlerq 1"
| #define PACKAGE_BUGREPORT ""
| #define STDC_HEADERS 1
| #define HAVE_SYS_TYPES_H 1
| #define HAVE_SYS_STAT_H 1
| #define HAVE_STDLIB_H 1
| #define HAVE_STRING_H 1
| #define HAVE_MEMORY_H 1
| #define HAVE_STRINGS_H 1
| #define HAVE_INTTYPES_H 1
| #define HAVE_STDINT_H 1
| #define HAVE_UNISTD_H 1
| #define HAVE_LIMITS_H 1
| #define NO_SYS_WAIT_H 1
| #define NO_DLFCN_H 1
| #define HAVE_SYS_PARAM_H 1
| #define USE_THREAD_ALLOC 1
| #define _REENTRANT 1
| #define _THREAD_SAFE 1
| #define TCL_WIDE_INT_TYPE long long
| /* end confdefs.h.  */
| #include <sys/stat.h>
| int
| main ()
| {
| struct stat64 p;
| 
|   ;
|   return 0;
| }
configure:9301: result: no
configure:9316: checking for open64
configure:9373: mingw32-gcc -pipe -o conftest.exe -O2   -prebind -headerpad_max_install_names -Wl,-search_paths_first  conftest.c  >&5
mingw32-gcc: unrecognized option `-prebind'
mingw32-gcc: unrecognized option `-headerpad_max_install_names'
/usr/local/xmingw32/lib/gcc-lib/mingw32/3.2.3/../../../../mingw32/bin/ld: warning: cannot find entry symbol arch_paths_first; defaulting to 00401000
/var/tmp//ccCd5qxT.o(.text+0x1a):conftest.c: undefined reference to `open64'
/var/tmp//ccCd5qxT.o(.data+0x0):conftest.c: undefined reference to `open64'
configure:9379: $? = 1
configure: failed program was:
| /* confdefs.h.  */
| 
| #define PACKAGE_NAME "vlerq"
| #define PACKAGE_TARNAME "vlerq"
| #define PACKAGE_VERSION "1"
| #define PACKAGE_STRING "vlerq 1"
| #define PACKAGE_BUGREPORT ""
| #define STDC_HEADERS 1
| #define HAVE_SYS_TYPES_H 1
| #define HAVE_SYS_STAT_H 1
| #define HAVE_STDLIB_H 1
| #define HAVE_STRING_H 1
| #define HAVE_MEMORY_H 1
| #define HAVE_STRINGS_H 1
| #define HAVE_INTTYPES_H 1
| #define HAVE_STDINT_H 1
| #define HAVE_UNISTD_H 1
| #define HAVE_LIMITS_H 1
| #define NO_SYS_WAIT_H 1
| #define NO_DLFCN_H 1
| #define HAVE_SYS_PARAM_H 1
| #define USE_THREAD_ALLOC 1
| #define _REENTRANT 1
| #define _THREAD_SAFE 1
| #define TCL_WIDE_INT_TYPE long long
| /* end confdefs.h.  */
| /* Define open64 to an innocuous variant, in case <limits.h> declares open64.
|    For example, HP-UX 11i <limits.h> declares gettimeofday.  */
| #define open64 innocuous_open64
| 
| /* System header to define __stub macros and hopefully few prototypes,
|     which can conflict with char open64 (); below.
|     Prefer <limits.h> to <assert.h> if __STDC__ is defined, since
|     <limits.h> exists even on freestanding compilers.  */
| 
| #ifdef __STDC__
| # include <limits.h>
| #else
| # include <assert.h>
| #endif
| 
| #undef open64
| 
| /* Override any gcc2 internal prototype to avoid an error.  */
| #ifdef __cplusplus
| extern "C"
| {
| #endif
| /* We use char because int might match the return type of a gcc2
|    builtin and then its argument prototype would still apply.  */
| char open64 ();
| /* The GNU C library defines this for functions which it implements
|     to always fail with ENOSYS.  Some functions are actually named
|     something starting with __ and the normal name is an alias.  */
| #if defined (__stub_open64) || defined (__stub___open64)
| choke me
| #else
| char (*f) () = open64;
| #endif
| #ifdef __cplusplus
| }
| #endif
| 
| int
| main ()
| {
| return f != open64;
|   ;
|   return 0;
| }
configure:9404: result: no
configure:9316: checking for lseek64
configure:9373: mingw32-gcc -pipe -o conftest.exe -O2   -prebind -headerpad_max_install_names -Wl,-search_paths_first  conftest.c  >&5
mingw32-gcc: unrecognized option `-prebind'
mingw32-gcc: unrecognized option `-headerpad_max_install_names'
/usr/local/xmingw32/lib/gcc-lib/mingw32/3.2.3/../../../../mingw32/bin/ld: warning: cannot find entry symbol arch_paths_first; defaulting to 00401000
/var/tmp//ccO3Bdpv.o(.text+0x1a):conftest.c: undefined reference to `lseek64'
/var/tmp//ccO3Bdpv.o(.data+0x0):conftest.c: undefined reference to `lseek64'
configure:9379: $? = 1
configure: failed program was:
| /* confdefs.h.  */
| 
| #define PACKAGE_NAME "vlerq"
| #define PACKAGE_TARNAME "vlerq"
| #define PACKAGE_VERSION "1"
| #define PACKAGE_STRING "vlerq 1"
| #define PACKAGE_BUGREPORT ""
| #define STDC_HEADERS 1
| #define HAVE_SYS_TYPES_H 1
| #define HAVE_SYS_STAT_H 1
| #define HAVE_STDLIB_H 1
| #define HAVE_STRING_H 1
| #define HAVE_MEMORY_H 1
| #define HAVE_STRINGS_H 1
| #define HAVE_INTTYPES_H 1
| #define HAVE_STDINT_H 1
| #define HAVE_UNISTD_H 1
| #define HAVE_LIMITS_H 1
| #define NO_SYS_WAIT_H 1
| #define NO_DLFCN_H 1
| #define HAVE_SYS_PARAM_H 1
| #define USE_THREAD_ALLOC 1
| #define _REENTRANT 1
| #define _THREAD_SAFE 1
| #define TCL_WIDE_INT_TYPE long long
| /* end confdefs.h.  */
| /* Define lseek64 to an innocuous variant, in case <limits.h> declares lseek64.
|    For example, HP-UX 11i <limits.h> declares gettimeofday.  */
| #define lseek64 innocuous_lseek64
| 
| /* System header to define __stub macros and hopefully few prototypes,
|     which can conflict with char lseek64 (); below.
|     Prefer <limits.h> to <assert.h> if __STDC__ is defined, since
|     <limits.h> exists even on freestanding compilers.  */
| 
| #ifdef __STDC__
| # include <limits.h>
| #else
| # include <assert.h>
| #endif
| 
| #undef lseek64
| 
| /* Override any gcc2 internal prototype to avoid an error.  */
| #ifdef __cplusplus
| extern "C"
| {
| #endif
| /* We use char because int might match the return type of a gcc2
|    builtin and then its argument prototype would still apply.  */
| char lseek64 ();
| /* The GNU C library defines this for functions which it implements
|     to always fail with ENOSYS.  Some functions are actually named
|     something starting with __ and the normal name is an alias.  */
| #if defined (__stub_lseek64) || defined (__stub___lseek64)
| choke me
| #else
| char (*f) () = lseek64;
| #endif
| #ifdef __cplusplus
| }
| #endif
| 
| int
| main ()
| {
| return f != lseek64;
|   ;
|   return 0;
| }
configure:9404: result: no
configure:9414: checking for off64_t
configure:9437: mingw32-gcc -pipe -c -O2  conftest.c >&5
conftest.c: In function `main':
conftest.c:31: `off64_t' undeclared (first use in this function)
conftest.c:31: (Each undeclared identifier is reported only once
conftest.c:31: for each function it appears in.)
conftest.c:31: parse error before "offset"
configure:9443: $? = 1
configure: failed program was:
| /* confdefs.h.  */
| 
| #define PACKAGE_NAME "vlerq"
| #define PACKAGE_TARNAME "vlerq"
| #define PACKAGE_VERSION "1"
| #define PACKAGE_STRING "vlerq 1"
| #define PACKAGE_BUGREPORT ""
| #define STDC_HEADERS 1
| #define HAVE_SYS_TYPES_H 1
| #define HAVE_SYS_STAT_H 1
| #define HAVE_STDLIB_H 1
| #define HAVE_STRING_H 1
| #define HAVE_MEMORY_H 1
| #define HAVE_STRINGS_H 1
| #define HAVE_INTTYPES_H 1
| #define HAVE_STDINT_H 1
| #define HAVE_UNISTD_H 1
| #define HAVE_LIMITS_H 1
| #define NO_SYS_WAIT_H 1
| #define NO_DLFCN_H 1
| #define HAVE_SYS_PARAM_H 1
| #define USE_THREAD_ALLOC 1
| #define _REENTRANT 1
| #define _THREAD_SAFE 1
| #define TCL_WIDE_INT_TYPE long long
| /* end confdefs.h.  */
| #include <sys/types.h>
| int
| main ()
| {
| off64_t offset;
| 
|   ;
|   return 0;
| }
configure:9479: result: no
configure:9492: checking for build with symbols
configure:9505: result: no
configure:9641: checking for tclsh
configure:9668: result: /usr/bin/tclsh8.4
configure:9807: creating ./config.status

## ---------------------- ##
## Running config.status. ##
## ---------------------- ##

This file was extended by vlerq config.status 1, which was
generated by GNU Autoconf 2.59.  Invocation command line was

  CONFIG_FILES    = 
  CONFIG_HEADERS  = 
  CONFIG_LINKS    = 
  CONFIG_COMMANDS = 
  $ ./config.status 

on biggie.local

config.status:695: creating Makefile

## ---------------- ##
## Cache variables. ##
## ---------------- ##

ac_cv_c_bigendian=no
ac_cv_c_compiler_gnu=yes
ac_cv_c_tclconfig=/Library/Frameworks/Tcl.framework
ac_cv_c_tclh=/Library/Frameworks/Tcl.framework/Headers
ac_cv_env_CC_set=set
ac_cv_env_CC_value=mingw32-gcc
ac_cv_env_CFLAGS_set=set
ac_cv_env_CFLAGS_value=-O2
ac_cv_env_CPPFLAGS_set=
ac_cv_env_CPPFLAGS_value=
ac_cv_env_CPP_set=set
ac_cv_env_CPP_value='mingw32-gcc -E'
ac_cv_env_LDFLAGS_set=
ac_cv_env_LDFLAGS_value=
ac_cv_env_build_alias_set=
ac_cv_env_build_alias_value=
ac_cv_env_host_alias_set=set
ac_cv_env_host_alias_value=mingw32
ac_cv_env_target_alias_set=
ac_cv_env_target_alias_value=
ac_cv_exeext=.exe
ac_cv_func_accept=no
ac_cv_func_connect=no
ac_cv_func_gethostbyname=no
ac_cv_func_lseek64=no
ac_cv_func_open64=no
ac_cv_func_setsockopt=no
ac_cv_func_sin=yes
ac_cv_header_dlfcn_h=no
ac_cv_header_errno_h=yes
ac_cv_header_float_h=yes
ac_cv_header_inttypes_h=yes
ac_cv_header_limits_h=yes
ac_cv_header_memory_h=yes
ac_cv_header_net_errno_h=no
ac_cv_header_stdc=yes
ac_cv_header_stdint_h=yes
ac_cv_header_stdlib_h=yes
ac_cv_header_string_h=yes
ac_cv_header_strings_h=yes
ac_cv_header_sys_param_h=yes
ac_cv_header_sys_stat_h=yes
ac_cv_header_sys_types_h=yes
ac_cv_header_sys_wait_h=no
ac_cv_header_unistd_h=yes
ac_cv_header_values_h=yes
ac_cv_lib_c_pthread_mutex_init=no
ac_cv_lib_c_r_pthread_mutex_init=no
ac_cv_lib_dl_dlopen=no
ac_cv_lib_ieee_main=no
ac_cv_lib_inet_main=no
ac_cv_lib_nsl_gethostbyname=no
ac_cv_lib_pthread___pthread_mutex_init=no
ac_cv_lib_pthread_pthread_mutex_init=no
ac_cv_lib_pthreads_pthread_mutex_init=no
ac_cv_lib_socket_setsockopt=no
ac_cv_objext=o
ac_cv_path_install='/usr/bin/install -c'
ac_cv_prog_AR=mingw32-ar
ac_cv_prog_CC=mingw32-gcc
ac_cv_prog_CPP='mingw32-gcc -E'
ac_cv_prog_RANLIB=mingw32-ranlib
ac_cv_prog_cc_g=yes
ac_cv_prog_cc_stdc=
ac_cv_prog_egrep='grep -E'
ac_cv_prog_make_make_set=yes
tcl_cv_dirent_h=yes
tcl_cv_flag__isoc99_source=no
tcl_cv_flag__largefile64_source=no
tcl_cv_flag__largefile_source64=no
tcl_cv_ld_search_paths_first=yes
tcl_cv_ld_single_module=no
tcl_cv_struct_dirent64=no
tcl_cv_struct_stat64=no
tcl_cv_sys_version=Darwin-8.6.0
tcl_cv_type_64bit='long long'
tcl_cv_type_off64_t=no

## ----------------- ##
## Output variables. ##
## ----------------- ##

AR='mingw32-ar'
CC='mingw32-gcc -pipe'
CELIB_DIR=''
CFLAGS='-O2 ${CFLAGS_DEFAULT} ${CFLAGS_WARNING} ${SHLIB_CFLAGS}'
CFLAGS_DEBUG='-g'
CFLAGS_DEFAULT='-Os'
CFLAGS_OPTIMIZE='-Os'
CFLAGS_WARNING='-Wall -Wno-implicit-int'
CLEANFILES=''
CPP='mingw32-gcc -E'
CPPFLAGS=''
CYGPATH='echo'
DEFS='-DPACKAGE_NAME=\"vlerq\" -DPACKAGE_TARNAME=\"vlerq\" -DPACKAGE_VERSION=\"1\" -DPACKAGE_STRING=\"vlerq\ 1\" -DPACKAGE_BUGREPORT=\"\" -DSTDC_HEADERS=1 -DHAVE_SYS_TYPES_H=1 -DHAVE_SYS_STAT_H=1 -DHAVE_STDLIB_H=1 -DHAVE_STRING_H=1 -DHAVE_MEMORY_H=1 -DHAVE_STRINGS_H=1 -DHAVE_INTTYPES_H=1 -DHAVE_STDINT_H=1 -DHAVE_UNISTD_H=1 -DHAVE_LIMITS_H=1 -DNO_SYS_WAIT_H=1 -DNO_DLFCN_H=1 -DHAVE_SYS_PARAM_H=1 -DUSE_THREAD_ALLOC=1 -D_REENTRANT=1 -D_THREAD_SAFE=1 -DTCL_WIDE_INT_TYPE=long\ long -DUSE_TCL_STUBS=1 '
DL_LIBS=''
ECHO_C=''
ECHO_N='-n'
ECHO_T=''
EGREP='grep -E'
EXEEXT='.exe'
INSTALL_DATA='${INSTALL} -m 644'
INSTALL_PROGRAM='${INSTALL}'
INSTALL_SCRIPT='${INSTALL}'
LDFLAGS=' -prebind -headerpad_max_install_names -Wl,-search_paths_first '
LDFLAGS_DEFAULT=' -prebind -headerpad_max_install_names -Wl,-search_paths_first '
LD_LIBRARY_PATH_VAR='DYLD_LIBRARY_PATH'
LIBOBJS=''
LIBS=''
LTLIBOBJS=''
MAKE_LIB='${SHLIB_LD} -o $@ $(PKG_OBJECTS) ${SHLIB_LD_LIBS} '
MAKE_SHARED_LIB='${SHLIB_LD} -o $@ $(PKG_OBJECTS) ${SHLIB_LD_LIBS}'
MAKE_STATIC_LIB='${STLIB_LD} $@ $(PKG_OBJECTS)'
MAKE_STUB_LIB='${STLIB_LD} $@ $(PKG_STUB_OBJECTS)'
MATH_LIBS=''
OBJEXT='o'
PACKAGE_BUGREPORT=''
PACKAGE_NAME='vlerq'
PACKAGE_STRING='vlerq 1'
PACKAGE_TARNAME='vlerq'
PACKAGE_VERSION='1'
PATH_SEPARATOR=':'
PKG_CFLAGS=' '
PKG_HEADERS=''
PKG_INCLUDES=''
PKG_LIBS=''
PKG_LIB_FILE='libvlerq1.dylib'
PKG_OBJECTS=' vlerq.o'
PKG_SOURCES=' vlerq.c'
PKG_STUB_LIB_FILE='libvlerqstub1.a'
PKG_STUB_OBJECTS=''
PKG_STUB_SOURCES=''
PKG_TCL_SOURCES=' pkgIndex.tcl library/pkgIndex.tcl library/m2mvfs.tcl library/mkclvfs.tcl library/mklite.tcl library/ratcl.tcl'
RANLIB=':'
RANLIB_STUB='mingw32-ranlib'
SET_MAKE=''
SHARED_BUILD='1'
SHELL='/bin/sh'
SHLIB_CFLAGS='-fno-common'
SHLIB_LD='${CC} -dynamiclib ${CFLAGS} ${LDFLAGS_DEFAULT}'
SHLIB_LD_LIBS='${LIBS} -L/Library/Frameworks/Tcl.framework -ltclstub8.4'
STLIB_LD='${AR} cr'
TCLSH_PROG='/usr/bin/tclsh8.4'
TCL_BIN_DIR='/Library/Frameworks/Tcl.framework'
TCL_DBGX=''
TCL_DEFS=' -DTCL_THREADS=1 -DUSE_THREAD_ALLOC=1 -D_REENTRANT=1 -D_THREAD_SAFE=1 -DHAVE_PTHREAD_ATTR_SETSTACKSIZE=1 -DHAVE_READDIR_R=1 -DHAVE_THREE_ARG_READDIR_R=1 -DMAC_OSX_TCL=1 -DHAVE_CFBUNDLE=1 -DUSE_VFORK=1 -DTCL_DEFAULT_ENCODING=\"utf-8\" -DTCL_WIDE_INT_TYPE=long\ long -DWORDS_BIGENDIAN=1 -DHAVE_GETCWD=1 -DHAVE_OPENDIR=1 -DHAVE_STRSTR=1 -DHAVE_STRTOL=1 -DHAVE_STRTOLL=1 -DHAVE_STRTOULL=1 -DHAVE_TMPNAM=1 -DHAVE_WAITPID=1 -DNO_VALUES_H=1 -DHAVE_LIMITS_H=1 -DHAVE_UNISTD_H=1 -DHAVE_SYS_PARAM_H=1 -DUSE_TERMIOS=1 -DHAVE_SYS_TIME_H=1 -DTIME_WITH_SYS_TIME=1 -DHAVE_TM_ZONE=1 -DHAVE_GMTIME_R=1 -DHAVE_LOCALTIME_R=1 -DHAVE_TM_GMTOFF=1 -DHAVE_ST_BLKSIZE=1 -DSTDC_HEADERS=1 -DHAVE_SIGNED_CHAR=1 -DHAVE_PUTENV_THAT_COPIES=1 -DHAVE_LANGINFO=1 -DHAVE_SYS_IOCTL_H=1 -DHAVE_SYS_FILIO_H=1 -DTCL_FRAMEWORK=1 '
TCL_EXTRA_CFLAGS=''
TCL_INCLUDES='-I"/Library/Frameworks/Tcl.framework/Headers"'
TCL_LD_FLAGS=' -prebind -Wl,-search_paths_first'
TCL_LIBS='${DL_LIBS} ${LIBS} ${MATH_LIBS}'
TCL_LIB_FILE='Tcl'
TCL_LIB_FLAG=''
TCL_LIB_SPEC='-F/Library/Frameworks -framework Tcl'
TCL_SHLIB_LD_LIBS='${LIBS}'
TCL_SRC_DIR='/Volumes/Local/Users/steffen/Documents/Development/TclTk/tcltkaqua-8_4_9_1/source/tcl'
TCL_STUB_LIB_FILE='libtclstub8.4.a'
TCL_STUB_LIB_FLAG='-ltclstub8.4'
TCL_STUB_LIB_SPEC='-L/Library/Frameworks/Tcl.framework -ltclstub8.4'
TCL_THREADS='0'
TCL_VERSION='8.4'
ac_ct_CC=''
ac_ct_RANLIB=''
bindir='${exec_prefix}/bin'
build_alias=''
datadir='${prefix}/share'
exec_prefix='/usr'
host_alias='mingw32'
includedir='${prefix}/include'
infodir='${prefix}/info'
libdir='${exec_prefix}/lib'
libexecdir='${exec_prefix}/libexec'
localstatedir='${prefix}/var'
mandir='${prefix}/man'
oldincludedir='/usr/include'
prefix='/usr'
program_transform_name='s,x,x,'
sbindir='${exec_prefix}/sbin'
sharedstatedir='${prefix}/com'
sysconfdir='${prefix}/etc'
target_alias=''

## ----------- ##
## confdefs.h. ##
## ----------- ##

#define HAVE_INTTYPES_H 1
#define HAVE_LIMITS_H 1
#define HAVE_MEMORY_H 1
#define HAVE_STDINT_H 1
#define HAVE_STDLIB_H 1
#define HAVE_STRINGS_H 1
#define HAVE_STRING_H 1
#define HAVE_SYS_PARAM_H 1
#define HAVE_SYS_STAT_H 1
#define HAVE_SYS_TYPES_H 1
#define HAVE_UNISTD_H 1
#define NO_DLFCN_H 1
#define NO_SYS_WAIT_H 1
#define PACKAGE_BUGREPORT ""
#define PACKAGE_NAME "vlerq"
#define PACKAGE_STRING "vlerq 1"
#define PACKAGE_TARNAME "vlerq"
#define PACKAGE_VERSION "1"
#define STDC_HEADERS 1
#define TCL_WIDE_INT_TYPE long long
#define USE_TCL_STUBS 1
#define USE_THREAD_ALLOC 1
#define _REENTRANT 1
#define _THREAD_SAFE 1

configure: exit 0

## ---------------------- ##
## Running config.status. ##
## ---------------------- ##

This file was extended by vlerq config.status 1, which was
generated by GNU Autoconf 2.59.  Invocation command line was

  CONFIG_FILES    = 
  CONFIG_HEADERS  = 
  CONFIG_LINKS    = 
  CONFIG_COMMANDS = 
  $ ./config.status 

on biggie.local

config.status:695: creating Makefile
