This file contains any messages produced by compilers while
running configure, to aid debugging if configure makes a mistake.

It was created by vlerq configure 2, which was
generated by GNU Autoconf 2.59.  Invocation command line was

  $ ../configure 

## --------- ##
## Platform. ##
## --------- ##

hostname = biggie.local
uname -m = Power Macintosh
uname -r = 8.7.0
uname -s = Darwin
uname -v = Darwin Kernel Version 8.7.0: Fri May 26 15:20:53 PDT 2006; root:xnu-792.6.76.obj~1/RELEASE_PPC

/usr/bin/uname -p = powerpc
/bin/uname -X     = unknown

/bin/arch              = unknown
/usr/bin/arch -k       = unknown
/usr/convex/getsysinfo = unknown
hostinfo               = Mach kernel version:
	 Darwin Kernel Version 8.7.0: Fri May 26 15:20:53 PDT 2006; root:xnu-792.6.76.obj~1/RELEASE_PPC
Kernel configured for a single processor only.
1 processor is physically available.
Processor type: ppc7450 (PowerPC 7450)
Processor active: 0
Primary memory available: 1.00 gigabytes
Default processor set: 75 tasks, 251 threads, 1 processors
Load average: 0.26, Mach factor: 0.90
/bin/machine           = unknown
/usr/bin/oslevel       = unknown
/bin/universe          = unknown

PATH: /Users/jcw/bin
PATH: /usr/local/bin
PATH: /opt/local/bin
PATH: /bin
PATH: /sbin
PATH: /usr/bin
PATH: /usr/local/bin
PATH: /usr/sbin
PATH: /usr/X11R6/bin
PATH: /Library/Tcl/bin
PATH: .


## ----------- ##
## Core tests. ##
## ----------- ##

configure:1330: checking for correct TEA configuration
configure:1349: result: ok (TEA 3.5)
configure:1475: checking for Tcl configuration
configure:1591: result: found /Library/Frameworks/Tcl.framework/tclConfig.sh
configure:1597: checking for existence of /Library/Frameworks/Tcl.framework/tclConfig.sh
configure:1601: result: loading
configure:1687: --prefix defaulting to TCL_PREFIX /usr
configure:1699: --exec-prefix defaulting to TCL_EXEC_PREFIX /usr
configure:1773: checking for gcc
configure:1789: found /usr/bin/gcc
configure:1799: result: gcc
configure:2043: checking for C compiler version
configure:2046: gcc --version </dev/null >&5
powerpc-apple-darwin8-gcc-4.0.1 (GCC) 4.0.1 (Apple Computer, Inc. build 5250)
Copyright (C) 2005 Free Software Foundation, Inc.
This is free software; see the source for copying conditions.  There is NO
warranty; not even for MERCHANTABILITY or FITNESS FOR A PARTICULAR PURPOSE.

configure:2049: $? = 0
configure:2051: gcc -v </dev/null >&5
Using built-in specs.
Target: powerpc-apple-darwin8
Configured with: /private/var/tmp/gcc/gcc-5250.obj~12/src/configure --disable-checking -enable-werror --prefix=/usr --mandir=/share/man --enable-languages=c,objc,c++,obj-c++ --program-transform-name=/^[cg][^.-]*$/s/$/-4.0/ --with-gxx-include-dir=/include/c++/4.0.0 --build=powerpc-apple-darwin8 --host=powerpc-apple-darwin8 --target=powerpc-apple-darwin8
Thread model: posix
gcc version 4.0.1 (Apple Computer, Inc. build 5250)
configure:2054: $? = 0
configure:2056: gcc -V </dev/null >&5
gcc: argument to `-V' is missing
configure:2059: $? = 1
configure:2082: checking for C compiler default output file name
configure:2085: gcc    conftest.c  >&5
configure:2088: $? = 0
configure:2134: result: a.out
configure:2139: checking whether the C compiler works
configure:2145: ./a.out
configure:2148: $? = 0
configure:2165: result: yes
configure:2172: checking whether we are cross compiling
configure:2174: result: no
configure:2177: checking for suffix of executables
configure:2179: gcc -o conftest    conftest.c  >&5
configure:2182: $? = 0
configure:2207: result: 
configure:2213: checking for suffix of object files
configure:2234: gcc -c   conftest.c >&5
configure:2237: $? = 0
configure:2259: result: o
configure:2263: checking whether we are using the GNU C compiler
configure:2287: gcc -c   conftest.c >&5
configure:2293: $? = 0
configure:2297: test -z 
			 || test ! -s conftest.err
configure:2300: $? = 0
configure:2303: test -s conftest.o
configure:2306: $? = 0
configure:2319: result: yes
configure:2325: checking whether gcc accepts -g
configure:2346: gcc -c -g  conftest.c >&5
configure:2352: $? = 0
configure:2356: test -z 
			 || test ! -s conftest.err
configure:2359: $? = 0
configure:2362: test -s conftest.o
configure:2365: $? = 0
configure:2376: result: yes
configure:2393: checking for gcc option to accept ANSI C
configure:2463: gcc  -c   conftest.c >&5
configure:2469: $? = 0
configure:2473: test -z 
			 || test ! -s conftest.err
configure:2476: $? = 0
configure:2479: test -s conftest.o
configure:2482: $? = 0
configure:2500: result: none needed
configure:2518: gcc -c   conftest.c >&5
conftest.c:2: error: parse error before 'me'
configure:2524: $? = 1
configure: failed program was:
| #ifndef __cplusplus
|   choke me
| #endif
configure:2662: checking how to run the C preprocessor
configure:2697: gcc -E  conftest.c
configure:2703: $? = 0
configure:2735: gcc -E  conftest.c
conftest.c:9:28: error: ac_nonexistent.h: No such file or directory
configure:2741: $? = 1
configure: failed program was:
| /* confdefs.h.  */
| 
| #define PACKAGE_NAME "vlerq"
| #define PACKAGE_TARNAME "vlerq"
| #define PACKAGE_VERSION "2"
| #define PACKAGE_STRING "vlerq 2"
| #define PACKAGE_BUGREPORT ""
| /* end confdefs.h.  */
| #include <ac_nonexistent.h>
configure:2780: result: gcc -E
configure:2804: gcc -E  conftest.c
configure:2810: $? = 0
configure:2842: gcc -E  conftest.c
conftest.c:9:28: error: ac_nonexistent.h: No such file or directory
configure:2848: $? = 1
configure: failed program was:
| /* confdefs.h.  */
| 
| #define PACKAGE_NAME "vlerq"
| #define PACKAGE_TARNAME "vlerq"
| #define PACKAGE_VERSION "2"
| #define PACKAGE_STRING "vlerq 2"
| #define PACKAGE_BUGREPORT ""
| /* end confdefs.h.  */
| #include <ac_nonexistent.h>
configure:2905: checking for a BSD-compatible install
configure:2960: result: /usr/bin/install -c
configure:2976: checking whether make sets $(MAKE)
configure:2996: result: yes
configure:3051: checking for ranlib
configure:3067: found /usr/bin/ranlib
configure:3078: result: ranlib
configure:3100: checking for egrep
configure:3110: result: grep -E
configure:3115: checking for ANSI C header files
configure:3140: gcc -c   conftest.c >&5
configure:3146: $? = 0
configure:3150: test -z 
			 || test ! -s conftest.err
configure:3153: $? = 0
configure:3156: test -s conftest.o
configure:3159: $? = 0
configure:3245: gcc -o conftest    conftest.c  >&5
conftest.c: In function 'main':
conftest.c:26: warning: incompatible implicit declaration of built-in function 'exit'
configure:3248: $? = 0
configure:3250: ./conftest
configure:3253: $? = 0
configure:3268: result: yes
configure:3292: checking for sys/types.h
configure:3308: gcc -c   conftest.c >&5
configure:3314: $? = 0
configure:3318: test -z 
			 || test ! -s conftest.err
configure:3321: $? = 0
configure:3324: test -s conftest.o
configure:3327: $? = 0
configure:3338: result: yes
configure:3292: checking for sys/stat.h
configure:3308: gcc -c   conftest.c >&5
configure:3314: $? = 0
configure:3318: test -z 
			 || test ! -s conftest.err
configure:3321: $? = 0
configure:3324: test -s conftest.o
configure:3327: $? = 0
configure:3338: result: yes
configure:3292: checking for stdlib.h
configure:3308: gcc -c   conftest.c >&5
configure:3314: $? = 0
configure:3318: test -z 
			 || test ! -s conftest.err
configure:3321: $? = 0
configure:3324: test -s conftest.o
configure:3327: $? = 0
configure:3338: result: yes
configure:3292: checking for string.h
configure:3308: gcc -c   conftest.c >&5
configure:3314: $? = 0
configure:3318: test -z 
			 || test ! -s conftest.err
configure:3321: $? = 0
configure:3324: test -s conftest.o
configure:3327: $? = 0
configure:3338: result: yes
configure:3292: checking for memory.h
configure:3308: gcc -c   conftest.c >&5
configure:3314: $? = 0
configure:3318: test -z 
			 || test ! -s conftest.err
configure:3321: $? = 0
configure:3324: test -s conftest.o
configure:3327: $? = 0
configure:3338: result: yes
configure:3292: checking for strings.h
configure:3308: gcc -c   conftest.c >&5
configure:3314: $? = 0
configure:3318: test -z 
			 || test ! -s conftest.err
configure:3321: $? = 0
configure:3324: test -s conftest.o
configure:3327: $? = 0
configure:3338: result: yes
configure:3292: checking for inttypes.h
configure:3308: gcc -c   conftest.c >&5
configure:3314: $? = 0
configure:3318: test -z 
			 || test ! -s conftest.err
configure:3321: $? = 0
configure:3324: test -s conftest.o
configure:3327: $? = 0
configure:3338: result: yes
configure:3292: checking for stdint.h
configure:3308: gcc -c   conftest.c >&5
configure:3314: $? = 0
configure:3318: test -z 
			 || test ! -s conftest.err
configure:3321: $? = 0
configure:3324: test -s conftest.o
configure:3327: $? = 0
configure:3338: result: yes
configure:3292: checking for unistd.h
configure:3308: gcc -c   conftest.c >&5
configure:3314: $? = 0
configure:3318: test -z 
			 || test ! -s conftest.err
configure:3321: $? = 0
configure:3324: test -s conftest.o
configure:3327: $? = 0
configure:3338: result: yes
configure:3360: checking if the compiler understands -pipe
configure:3380: gcc -pipe -c   conftest.c >&5
configure:3386: $? = 0
configure:3390: test -z 
			 || test ! -s conftest.err
configure:3393: $? = 0
configure:3396: test -s conftest.o
configure:3399: $? = 0
configure:3401: result: yes
configure:3418: checking whether byte ordering is bigendian
configure:3445: gcc -pipe -c   conftest.c >&5
configure:3451: $? = 0
configure:3455: test -z 
			 || test ! -s conftest.err
configure:3458: $? = 0
configure:3461: test -s conftest.o
configure:3464: $? = 0
configure:3488: gcc -pipe -c   conftest.c >&5
configure:3494: $? = 0
configure:3498: test -z 
			 || test ! -s conftest.err
configure:3501: $? = 0
configure:3504: test -s conftest.o
configure:3507: $? = 0
configure:3629: result: yes
configure:3657: checking for sin
configure:3714: gcc -pipe -o conftest    conftest.c  >&5
conftest.c:44: warning: conflicting types for built-in function 'sin'
configure:3720: $? = 0
configure:3724: test -z 
			 || test ! -s conftest.err
configure:3727: $? = 0
configure:3730: test -s conftest
configure:3733: $? = 0
configure:3745: result: yes
configure:3753: checking for main in -lieee
configure:3777: gcc -pipe -o conftest    conftest.c -lieee   >&5
/usr/bin/ld: can't locate file for: -lieee
collect2: ld returned 1 exit status
configure:3783: $? = 1
configure: failed program was:
| /* confdefs.h.  */
| 
| #define PACKAGE_NAME "vlerq"
| #define PACKAGE_TARNAME "vlerq"
| #define PACKAGE_VERSION "2"
| #define PACKAGE_STRING "vlerq 2"
| #define PACKAGE_BUGREPORT ""
| #define STDC_HEADERS 1
| #define HAVE_SYS_TYPES_H 1
| #define HAVE_SYS_STAT_H 1
| #define HAVE_STDLIB_H 1
| #define HAVE_STRING_H 1
| #define HAVE_MEMORY_H 1
| #define HAVE_STRINGS_H 1
| #define HAVE_INTTYPES_H 1
| #define HAVE_STDINT_H 1
| #define HAVE_UNISTD_H 1
| #define WORDS_BIGENDIAN 1
| /* end confdefs.h.  */
| 
| 
| int
| main ()
| {
| main ();
|   ;
|   return 0;
| }
configure:3809: result: no
configure:3821: checking for main in -linet
configure:3845: gcc -pipe -o conftest    conftest.c -linet   >&5
/usr/bin/ld: can't locate file for: -linet
collect2: ld returned 1 exit status
configure:3851: $? = 1
configure: failed program was:
| /* confdefs.h.  */
| 
| #define PACKAGE_NAME "vlerq"
| #define PACKAGE_TARNAME "vlerq"
| #define PACKAGE_VERSION "2"
| #define PACKAGE_STRING "vlerq 2"
| #define PACKAGE_BUGREPORT ""
| #define STDC_HEADERS 1
| #define HAVE_SYS_TYPES_H 1
| #define HAVE_SYS_STAT_H 1
| #define HAVE_STDLIB_H 1
| #define HAVE_STRING_H 1
| #define HAVE_MEMORY_H 1
| #define HAVE_STRINGS_H 1
| #define HAVE_INTTYPES_H 1
| #define HAVE_STDINT_H 1
| #define HAVE_UNISTD_H 1
| #define WORDS_BIGENDIAN 1
| /* end confdefs.h.  */
| 
| 
| int
| main ()
| {
| main ();
|   ;
|   return 0;
| }
configure:3877: result: no
configure:3893: checking net/errno.h usability
configure:3905: gcc -pipe -c   conftest.c >&5
conftest.c:54:23: error: net/errno.h: No such file or directory
configure:3911: $? = 1
configure: failed program was:
| /* confdefs.h.  */
| 
| #define PACKAGE_NAME "vlerq"
| #define PACKAGE_TARNAME "vlerq"
| #define PACKAGE_VERSION "2"
| #define PACKAGE_STRING "vlerq 2"
| #define PACKAGE_BUGREPORT ""
| #define STDC_HEADERS 1
| #define HAVE_SYS_TYPES_H 1
| #define HAVE_SYS_STAT_H 1
| #define HAVE_STDLIB_H 1
| #define HAVE_STRING_H 1
| #define HAVE_MEMORY_H 1
| #define HAVE_STRINGS_H 1
| #define HAVE_INTTYPES_H 1
| #define HAVE_STDINT_H 1
| #define HAVE_UNISTD_H 1
| #define WORDS_BIGENDIAN 1
| /* end confdefs.h.  */
| #include <stdio.h>
| #if HAVE_SYS_TYPES_H
| # include <sys/types.h>
| #endif
| #if HAVE_SYS_STAT_H
| # include <sys/stat.h>
| #endif
| #if STDC_HEADERS
| # include <stdlib.h>
| # include <stddef.h>
| #else
| # if HAVE_STDLIB_H
| #  include <stdlib.h>
| # endif
| #endif
| #if HAVE_STRING_H
| # if !STDC_HEADERS && HAVE_MEMORY_H
| #  include <memory.h>
| # endif
| # include <string.h>
| #endif
| #if HAVE_STRINGS_H
| # include <strings.h>
| #endif
| #if HAVE_INTTYPES_H
| # include <inttypes.h>
| #else
| # if HAVE_STDINT_H
| #  include <stdint.h>
| # endif
| #endif
| #if HAVE_UNISTD_H
| # include <unistd.h>
| #endif
| #include <net/errno.h>
configure:3934: result: no
configure:3938: checking net/errno.h presence
configure:3948: gcc -E  conftest.c
conftest.c:20:23: error: net/errno.h: No such file or directory
configure:3954: $? = 1
configure: failed program was:
| /* confdefs.h.  */
| 
| #define PACKAGE_NAME "vlerq"
| #define PACKAGE_TARNAME "vlerq"
| #define PACKAGE_VERSION "2"
| #define PACKAGE_STRING "vlerq 2"
| #define PACKAGE_BUGREPORT ""
| #define STDC_HEADERS 1
| #define HAVE_SYS_TYPES_H 1
| #define HAVE_SYS_STAT_H 1
| #define HAVE_STDLIB_H 1
| #define HAVE_STRING_H 1
| #define HAVE_MEMORY_H 1
| #define HAVE_STRINGS_H 1
| #define HAVE_INTTYPES_H 1
| #define HAVE_STDINT_H 1
| #define HAVE_UNISTD_H 1
| #define WORDS_BIGENDIAN 1
| /* end confdefs.h.  */
| #include <net/errno.h>
configure:3974: result: no
configure:4009: checking for net/errno.h
configure:4016: result: no
configure:4050: checking for connect
configure:4107: gcc -pipe -o conftest    conftest.c  >&5
configure:4113: $? = 0
configure:4117: test -z 
			 || test ! -s conftest.err
configure:4120: $? = 0
configure:4123: test -s conftest
configure:4126: $? = 0
configure:4138: result: yes
configure:4413: checking for gethostbyname
configure:4470: gcc -pipe -o conftest    conftest.c  >&5
configure:4476: $? = 0
configure:4480: test -z 
			 || test ! -s conftest.err
configure:4483: $? = 0
configure:4486: test -s conftest
configure:4489: $? = 0
configure:4501: result: yes
configure:4585: checking dirent.h
configure:4625: gcc -pipe -o conftest    conftest.c  >&5
configure:4631: $? = 0
configure:4635: test -z 
			 || test ! -s conftest.err
configure:4638: $? = 0
configure:4641: test -s conftest
configure:4644: $? = 0
configure:4656: result: yes
configure:4677: checking errno.h usability
configure:4689: gcc -pipe -c   conftest.c >&5
configure:4695: $? = 0
configure:4699: test -z 
			 || test ! -s conftest.err
configure:4702: $? = 0
configure:4705: test -s conftest.o
configure:4708: $? = 0
configure:4718: result: yes
configure:4722: checking errno.h presence
configure:4732: gcc -E  conftest.c
configure:4738: $? = 0
configure:4758: result: yes
configure:4793: checking for errno.h
configure:4800: result: yes
configure:4825: checking float.h usability
configure:4837: gcc -pipe -c   conftest.c >&5
configure:4843: $? = 0
configure:4847: test -z 
			 || test ! -s conftest.err
configure:4850: $? = 0
configure:4853: test -s conftest.o
configure:4856: $? = 0
configure:4866: result: yes
configure:4870: checking float.h presence
configure:4880: gcc -E  conftest.c
configure:4886: $? = 0
configure:4906: result: yes
configure:4941: checking for float.h
configure:4948: result: yes
configure:4973: checking values.h usability
configure:4985: gcc -pipe -c   conftest.c >&5
conftest.c:54:20: error: values.h: No such file or directory
configure:4991: $? = 1
configure: failed program was:
| /* confdefs.h.  */
| 
| #define PACKAGE_NAME "vlerq"
| #define PACKAGE_TARNAME "vlerq"
| #define PACKAGE_VERSION "2"
| #define PACKAGE_STRING "vlerq 2"
| #define PACKAGE_BUGREPORT ""
| #define STDC_HEADERS 1
| #define HAVE_SYS_TYPES_H 1
| #define HAVE_SYS_STAT_H 1
| #define HAVE_STDLIB_H 1
| #define HAVE_STRING_H 1
| #define HAVE_MEMORY_H 1
| #define HAVE_STRINGS_H 1
| #define HAVE_INTTYPES_H 1
| #define HAVE_STDINT_H 1
| #define HAVE_UNISTD_H 1
| #define WORDS_BIGENDIAN 1
| /* end confdefs.h.  */
| #include <stdio.h>
| #if HAVE_SYS_TYPES_H
| # include <sys/types.h>
| #endif
| #if HAVE_SYS_STAT_H
| # include <sys/stat.h>
| #endif
| #if STDC_HEADERS
| # include <stdlib.h>
| # include <stddef.h>
| #else
| # if HAVE_STDLIB_H
| #  include <stdlib.h>
| # endif
| #endif
| #if HAVE_STRING_H
| # if !STDC_HEADERS && HAVE_MEMORY_H
| #  include <memory.h>
| # endif
| # include <string.h>
| #endif
| #if HAVE_STRINGS_H
| # include <strings.h>
| #endif
| #if HAVE_INTTYPES_H
| # include <inttypes.h>
| #else
| # if HAVE_STDINT_H
| #  include <stdint.h>
| # endif
| #endif
| #if HAVE_UNISTD_H
| # include <unistd.h>
| #endif
| #include <values.h>
configure:5014: result: no
configure:5018: checking values.h presence
configure:5028: gcc -E  conftest.c
conftest.c:20:20: error: values.h: No such file or directory
configure:5034: $? = 1
configure: failed program was:
| /* confdefs.h.  */
| 
| #define PACKAGE_NAME "vlerq"
| #define PACKAGE_TARNAME "vlerq"
| #define PACKAGE_VERSION "2"
| #define PACKAGE_STRING "vlerq 2"
| #define PACKAGE_BUGREPORT ""
| #define STDC_HEADERS 1
| #define HAVE_SYS_TYPES_H 1
| #define HAVE_SYS_STAT_H 1
| #define HAVE_STDLIB_H 1
| #define HAVE_STRING_H 1
| #define HAVE_MEMORY_H 1
| #define HAVE_STRINGS_H 1
| #define HAVE_INTTYPES_H 1
| #define HAVE_STDINT_H 1
| #define HAVE_UNISTD_H 1
| #define WORDS_BIGENDIAN 1
| /* end confdefs.h.  */
| #include <values.h>
configure:5054: result: no
configure:5089: checking for values.h
configure:5096: result: no
configure:5121: checking limits.h usability
configure:5133: gcc -pipe -c   conftest.c >&5
configure:5139: $? = 0
configure:5143: test -z 
			 || test ! -s conftest.err
configure:5146: $? = 0
configure:5149: test -s conftest.o
configure:5152: $? = 0
configure:5162: result: yes
configure:5166: checking limits.h presence
configure:5176: gcc -E  conftest.c
configure:5182: $? = 0
configure:5202: result: yes
configure:5237: checking for limits.h
configure:5244: result: yes
configure:5264: checking for stdlib.h
configure:5269: result: yes
configure:5466: checking for string.h
configure:5471: result: yes
configure:5665: checking sys/wait.h usability
configure:5677: gcc -pipe -c   conftest.c >&5
configure:5683: $? = 0
configure:5687: test -z 
			 || test ! -s conftest.err
configure:5690: $? = 0
configure:5693: test -s conftest.o
configure:5696: $? = 0
configure:5706: result: yes
configure:5710: checking sys/wait.h presence
configure:5720: gcc -E  conftest.c
configure:5726: $? = 0
configure:5746: result: yes
configure:5781: checking for sys/wait.h
configure:5788: result: yes
configure:5813: checking dlfcn.h usability
configure:5825: gcc -pipe -c   conftest.c >&5
configure:5831: $? = 0
configure:5835: test -z 
			 || test ! -s conftest.err
configure:5838: $? = 0
configure:5841: test -s conftest.o
configure:5844: $? = 0
configure:5854: result: yes
configure:5858: checking dlfcn.h presence
configure:5868: gcc -E  conftest.c
configure:5874: $? = 0
configure:5894: result: yes
configure:5929: checking for dlfcn.h
configure:5936: result: yes
configure:5967: checking sys/param.h usability
configure:5979: gcc -pipe -c   conftest.c >&5
configure:5985: $? = 0
configure:5989: test -z 
			 || test ! -s conftest.err
configure:5992: $? = 0
configure:5995: test -s conftest.o
configure:5998: $? = 0
configure:6008: result: yes
configure:6012: checking sys/param.h presence
configure:6022: gcc -E  conftest.c
configure:6028: $? = 0
configure:6048: result: yes
configure:6083: checking for sys/param.h
configure:6090: result: yes
configure:6271: checking for Tcl public headers
configure:6345: result: /Library/Frameworks/Tcl.framework/Headers
configure:6414: checking for pthread_mutex_init in -lpthread
configure:6444: gcc -pipe -o conftest    conftest.c -lpthread   >&5
configure:6450: $? = 0
configure:6454: test -z 
			 || test ! -s conftest.err
configure:6457: $? = 0
configure:6460: test -s conftest
configure:6463: $? = 0
configure:6476: result: yes
configure:6797: checking for building with threads
configure:6805: result: yes (default)
configure:6846: checking how to build libraries
configure:6864: result: shared
configure:6891: checking if 64bit support is requested
configure:6900: result: no
configure:6905: checking if 64bit Sparc VIS support is requested
configure:6914: result: no
configure:6942: checking system version
configure:6972: result: Darwin-8.7.0
configure:6980: checking for dlopen in -ldl
configure:7010: gcc -pipe -o conftest    conftest.c -ldl   >&5
configure:7016: $? = 0
configure:7020: test -z 
			 || test ! -s conftest.err
configure:7023: $? = 0
configure:7026: test -s conftest
configure:7029: $? = 0
configure:7042: result: yes
configure:7083: checking for ar
configure:7099: found /usr/bin/ar
configure:7109: result: ar
configure:8166: checking if ld accepts -single_module flag
configure:8190: gcc -pipe -o conftest    -dynamiclib -Wl,-single_module conftest.c  >&5
configure:8196: $? = 0
configure:8200: test -z 
			 || test ! -s conftest.err
configure:8203: $? = 0
configure:8206: test -s conftest
configure:8209: $? = 0
configure:8222: result: yes
configure:8236: checking if ld accepts -search_paths_first flag
configure:8260: gcc -pipe -o conftest    -prebind -headerpad_max_install_names -Wl,-search_paths_first conftest.c  >&5
configure:8266: $? = 0
configure:8270: test -z 
			 || test ! -s conftest.err
configure:8273: $? = 0
configure:8276: test -s conftest
configure:8279: $? = 0
configure:8292: result: yes
configure:8730: checking for required early compiler flags
configure:8753: gcc -pipe -c   conftest.c >&5
configure:8759: $? = 0
configure:8763: test -z 
			 || test ! -s conftest.err
configure:8766: $? = 0
configure:8769: test -s conftest.o
configure:8772: $? = 0
configure:8858: gcc -pipe -c   conftest.c >&5
conftest.c: In function 'main':
conftest.c:31: error: storage size of 'buf' isn't known
configure:8864: $? = 1
configure: failed program was:
| /* confdefs.h.  */
| 
| #define PACKAGE_NAME "vlerq"
| #define PACKAGE_TARNAME "vlerq"
| #define PACKAGE_VERSION "2"
| #define PACKAGE_STRING "vlerq 2"
| #define PACKAGE_BUGREPORT ""
| #define STDC_HEADERS 1
| #define HAVE_SYS_TYPES_H 1
| #define HAVE_SYS_STAT_H 1
| #define HAVE_STDLIB_H 1
| #define HAVE_STRING_H 1
| #define HAVE_MEMORY_H 1
| #define HAVE_STRINGS_H 1
| #define HAVE_INTTYPES_H 1
| #define HAVE_STDINT_H 1
| #define HAVE_UNISTD_H 1
| #define WORDS_BIGENDIAN 1
| #define NO_VALUES_H 1
| #define HAVE_LIMITS_H 1
| #define HAVE_SYS_PARAM_H 1
| #define USE_THREAD_ALLOC 1
| #define _REENTRANT 1
| #define _THREAD_SAFE 1
| #define TCL_THREADS 1
| /* end confdefs.h.  */
| #include <sys/stat.h>
| int
| main ()
| {
| struct stat64 buf; int i = stat64("/", &buf);
|   ;
|   return 0;
| }
configure:8901: gcc -pipe -c   conftest.c >&5
conftest.c: In function 'main':
conftest.c:32: error: storage size of 'buf' isn't known
configure:8907: $? = 1
configure: failed program was:
| /* confdefs.h.  */
| 
| #define PACKAGE_NAME "vlerq"
| #define PACKAGE_TARNAME "vlerq"
| #define PACKAGE_VERSION "2"
| #define PACKAGE_STRING "vlerq 2"
| #define PACKAGE_BUGREPORT ""
| #define STDC_HEADERS 1
| #define HAVE_SYS_TYPES_H 1
| #define HAVE_SYS_STAT_H 1
| #define HAVE_STDLIB_H 1
| #define HAVE_STRING_H 1
| #define HAVE_MEMORY_H 1
| #define HAVE_STRINGS_H 1
| #define HAVE_INTTYPES_H 1
| #define HAVE_STDINT_H 1
| #define HAVE_UNISTD_H 1
| #define WORDS_BIGENDIAN 1
| #define NO_VALUES_H 1
| #define HAVE_LIMITS_H 1
| #define HAVE_SYS_PARAM_H 1
| #define USE_THREAD_ALLOC 1
| #define _REENTRANT 1
| #define _THREAD_SAFE 1
| #define TCL_THREADS 1
| /* end confdefs.h.  */
| #define _LARGEFILE64_SOURCE 1
| #include <sys/stat.h>
| int
| main ()
| {
| struct stat64 buf; int i = stat64("/", &buf);
|   ;
|   return 0;
| }
configure:8963: gcc -pipe -c   conftest.c >&5
conftest.c: In function 'main':
conftest.c:31: error: 'open64' undeclared (first use in this function)
conftest.c:31: error: (Each undeclared identifier is reported only once
conftest.c:31: error: for each function it appears in.)
configure:8969: $? = 1
configure: failed program was:
| /* confdefs.h.  */
| 
| #define PACKAGE_NAME "vlerq"
| #define PACKAGE_TARNAME "vlerq"
| #define PACKAGE_VERSION "2"
| #define PACKAGE_STRING "vlerq 2"
| #define PACKAGE_BUGREPORT ""
| #define STDC_HEADERS 1
| #define HAVE_SYS_TYPES_H 1
| #define HAVE_SYS_STAT_H 1
| #define HAVE_STDLIB_H 1
| #define HAVE_STRING_H 1
| #define HAVE_MEMORY_H 1
| #define HAVE_STRINGS_H 1
| #define HAVE_INTTYPES_H 1
| #define HAVE_STDINT_H 1
| #define HAVE_UNISTD_H 1
| #define WORDS_BIGENDIAN 1
| #define NO_VALUES_H 1
| #define HAVE_LIMITS_H 1
| #define HAVE_SYS_PARAM_H 1
| #define USE_THREAD_ALLOC 1
| #define _REENTRANT 1
| #define _THREAD_SAFE 1
| #define TCL_THREADS 1
| /* end confdefs.h.  */
| #include <sys/stat.h>
| int
| main ()
| {
| char *p = (char *)open64;
|   ;
|   return 0;
| }
configure:9006: gcc -pipe -c   conftest.c >&5
conftest.c: In function 'main':
conftest.c:32: error: 'open64' undeclared (first use in this function)
conftest.c:32: error: (Each undeclared identifier is reported only once
conftest.c:32: error: for each function it appears in.)
configure:9012: $? = 1
configure: failed program was:
| /* confdefs.h.  */
| 
| #define PACKAGE_NAME "vlerq"
| #define PACKAGE_TARNAME "vlerq"
| #define PACKAGE_VERSION "2"
| #define PACKAGE_STRING "vlerq 2"
| #define PACKAGE_BUGREPORT ""
| #define STDC_HEADERS 1
| #define HAVE_SYS_TYPES_H 1
| #define HAVE_SYS_STAT_H 1
| #define HAVE_STDLIB_H 1
| #define HAVE_STRING_H 1
| #define HAVE_MEMORY_H 1
| #define HAVE_STRINGS_H 1
| #define HAVE_INTTYPES_H 1
| #define HAVE_STDINT_H 1
| #define HAVE_UNISTD_H 1
| #define WORDS_BIGENDIAN 1
| #define NO_VALUES_H 1
| #define HAVE_LIMITS_H 1
| #define HAVE_SYS_PARAM_H 1
| #define USE_THREAD_ALLOC 1
| #define _REENTRANT 1
| #define _THREAD_SAFE 1
| #define TCL_THREADS 1
| /* end confdefs.h.  */
| #define _LARGEFILE_SOURCE64 1
| #include <sys/stat.h>
| int
| main ()
| {
| char *p = (char *)open64;
|   ;
|   return 0;
| }
configure:9049: result: none
configure:9057: checking for 64-bit integer type
configure:9081: gcc -pipe -c   conftest.c >&5
conftest.c: In function 'main':
conftest.c:31: error: '__int64' undeclared (first use in this function)
conftest.c:31: error: (Each undeclared identifier is reported only once
conftest.c:31: error: for each function it appears in.)
conftest.c:31: error: parse error before 'value'
configure:9087: $? = 1
configure: failed program was:
| /* confdefs.h.  */
| 
| #define PACKAGE_NAME "vlerq"
| #define PACKAGE_TARNAME "vlerq"
| #define PACKAGE_VERSION "2"
| #define PACKAGE_STRING "vlerq 2"
| #define PACKAGE_BUGREPORT ""
| #define STDC_HEADERS 1
| #define HAVE_SYS_TYPES_H 1
| #define HAVE_SYS_STAT_H 1
| #define HAVE_STDLIB_H 1
| #define HAVE_STRING_H 1
| #define HAVE_MEMORY_H 1
| #define HAVE_STRINGS_H 1
| #define HAVE_INTTYPES_H 1
| #define HAVE_STDINT_H 1
| #define HAVE_UNISTD_H 1
| #define WORDS_BIGENDIAN 1
| #define NO_VALUES_H 1
| #define HAVE_LIMITS_H 1
| #define HAVE_SYS_PARAM_H 1
| #define USE_THREAD_ALLOC 1
| #define _REENTRANT 1
| #define _THREAD_SAFE 1
| #define TCL_THREADS 1
| /* end confdefs.h.  */
| 
| int
| main ()
| {
| __int64 value = (__int64) 0;
|   ;
|   return 0;
| }
configure:9131: gcc -pipe -c   conftest.c >&5
configure:9137: $? = 0
configure:9141: test -z 
			 || test ! -s conftest.err
configure:9144: $? = 0
configure:9147: test -s conftest.o
configure:9150: $? = 0
configure:9181: result: long long
configure:9185: checking for struct dirent64
configure:9208: gcc -pipe -c   conftest.c >&5
conftest.c: In function 'main':
conftest.c:33: error: storage size of 'p' isn't known
configure:9214: $? = 1
configure: failed program was:
| /* confdefs.h.  */
| 
| #define PACKAGE_NAME "vlerq"
| #define PACKAGE_TARNAME "vlerq"
| #define PACKAGE_VERSION "2"
| #define PACKAGE_STRING "vlerq 2"
| #define PACKAGE_BUGREPORT ""
| #define STDC_HEADERS 1
| #define HAVE_SYS_TYPES_H 1
| #define HAVE_SYS_STAT_H 1
| #define HAVE_STDLIB_H 1
| #define HAVE_STRING_H 1
| #define HAVE_MEMORY_H 1
| #define HAVE_STRINGS_H 1
| #define HAVE_INTTYPES_H 1
| #define HAVE_STDINT_H 1
| #define HAVE_UNISTD_H 1
| #define WORDS_BIGENDIAN 1
| #define NO_VALUES_H 1
| #define HAVE_LIMITS_H 1
| #define HAVE_SYS_PARAM_H 1
| #define USE_THREAD_ALLOC 1
| #define _REENTRANT 1
| #define _THREAD_SAFE 1
| #define TCL_THREADS 1
| #define TCL_WIDE_INT_TYPE long long
| /* end confdefs.h.  */
| #include <sys/types.h>
| #include <sys/dirent.h>
| int
| main ()
| {
| struct dirent64 p;
|   ;
|   return 0;
| }
configure:9238: result: no
configure:9248: checking for struct stat64
configure:9271: gcc -pipe -c   conftest.c >&5
conftest.c: In function 'main':
conftest.c:32: error: storage size of 'p' isn't known
configure:9277: $? = 1
configure: failed program was:
| /* confdefs.h.  */
| 
| #define PACKAGE_NAME "vlerq"
| #define PACKAGE_TARNAME "vlerq"
| #define PACKAGE_VERSION "2"
| #define PACKAGE_STRING "vlerq 2"
| #define PACKAGE_BUGREPORT ""
| #define STDC_HEADERS 1
| #define HAVE_SYS_TYPES_H 1
| #define HAVE_SYS_STAT_H 1
| #define HAVE_STDLIB_H 1
| #define HAVE_STRING_H 1
| #define HAVE_MEMORY_H 1
| #define HAVE_STRINGS_H 1
| #define HAVE_INTTYPES_H 1
| #define HAVE_STDINT_H 1
| #define HAVE_UNISTD_H 1
| #define WORDS_BIGENDIAN 1
| #define NO_VALUES_H 1
| #define HAVE_LIMITS_H 1
| #define HAVE_SYS_PARAM_H 1
| #define USE_THREAD_ALLOC 1
| #define _REENTRANT 1
| #define _THREAD_SAFE 1
| #define TCL_THREADS 1
| #define TCL_WIDE_INT_TYPE long long
| /* end confdefs.h.  */
| #include <sys/stat.h>
| int
| main ()
| {
| struct stat64 p;
| 
|   ;
|   return 0;
| }
configure:9301: result: no
configure:9316: checking for open64
configure:9373: gcc -pipe -o conftest    -prebind -headerpad_max_install_names -Wl,-search_paths_first  conftest.c  >&5
/usr/bin/ld: warning prebinding disabled because of undefined symbols
/usr/bin/ld: Undefined symbols:
_open64
collect2: ld returned 1 exit status
configure:9379: $? = 1
configure: failed program was:
| /* confdefs.h.  */
| 
| #define PACKAGE_NAME "vlerq"
| #define PACKAGE_TARNAME "vlerq"
| #define PACKAGE_VERSION "2"
| #define PACKAGE_STRING "vlerq 2"
| #define PACKAGE_BUGREPORT ""
| #define STDC_HEADERS 1
| #define HAVE_SYS_TYPES_H 1
| #define HAVE_SYS_STAT_H 1
| #define HAVE_STDLIB_H 1
| #define HAVE_STRING_H 1
| #define HAVE_MEMORY_H 1
| #define HAVE_STRINGS_H 1
| #define HAVE_INTTYPES_H 1
| #define HAVE_STDINT_H 1
| #define HAVE_UNISTD_H 1
| #define WORDS_BIGENDIAN 1
| #define NO_VALUES_H 1
| #define HAVE_LIMITS_H 1
| #define HAVE_SYS_PARAM_H 1
| #define USE_THREAD_ALLOC 1
| #define _REENTRANT 1
| #define _THREAD_SAFE 1
| #define TCL_THREADS 1
| #define TCL_WIDE_INT_TYPE long long
| /* end confdefs.h.  */
| /* Define open64 to an innocuous variant, in case <limits.h> declares open64.
|    For example, HP-UX 11i <limits.h> declares gettimeofday.  */
| #define open64 innocuous_open64
| 
| /* System header to define __stub macros and hopefully few prototypes,
|     which can conflict with char open64 (); below.
|     Prefer <limits.h> to <assert.h> if __STDC__ is defined, since
|     <limits.h> exists even on freestanding compilers.  */
| 
| #ifdef __STDC__
| # include <limits.h>
| #else
| # include <assert.h>
| #endif
| 
| #undef open64
| 
| /* Override any gcc2 internal prototype to avoid an error.  */
| #ifdef __cplusplus
| extern "C"
| {
| #endif
| /* We use char because int might match the return type of a gcc2
|    builtin and then its argument prototype would still apply.  */
| char open64 ();
| /* The GNU C library defines this for functions which it implements
|     to always fail with ENOSYS.  Some functions are actually named
|     something starting with __ and the normal name is an alias.  */
| #if defined (__stub_open64) || defined (__stub___open64)
| choke me
| #else
| char (*f) () = open64;
| #endif
| #ifdef __cplusplus
| }
| #endif
| 
| int
| main ()
| {
| return f != open64;
|   ;
|   return 0;
| }
configure:9404: result: no
configure:9316: checking for lseek64
configure:9373: gcc -pipe -o conftest    -prebind -headerpad_max_install_names -Wl,-search_paths_first  conftest.c  >&5
/usr/bin/ld: warning prebinding disabled because of undefined symbols
/usr/bin/ld: Undefined symbols:
_lseek64
collect2: ld returned 1 exit status
configure:9379: $? = 1
configure: failed program was:
| /* confdefs.h.  */
| 
| #define PACKAGE_NAME "vlerq"
| #define PACKAGE_TARNAME "vlerq"
| #define PACKAGE_VERSION "2"
| #define PACKAGE_STRING "vlerq 2"
| #define PACKAGE_BUGREPORT ""
| #define STDC_HEADERS 1
| #define HAVE_SYS_TYPES_H 1
| #define HAVE_SYS_STAT_H 1
| #define HAVE_STDLIB_H 1
| #define HAVE_STRING_H 1
| #define HAVE_MEMORY_H 1
| #define HAVE_STRINGS_H 1
| #define HAVE_INTTYPES_H 1
| #define HAVE_STDINT_H 1
| #define HAVE_UNISTD_H 1
| #define WORDS_BIGENDIAN 1
| #define NO_VALUES_H 1
| #define HAVE_LIMITS_H 1
| #define HAVE_SYS_PARAM_H 1
| #define USE_THREAD_ALLOC 1
| #define _REENTRANT 1
| #define _THREAD_SAFE 1
| #define TCL_THREADS 1
| #define TCL_WIDE_INT_TYPE long long
| /* end confdefs.h.  */
| /* Define lseek64 to an innocuous variant, in case <limits.h> declares lseek64.
|    For example, HP-UX 11i <limits.h> declares gettimeofday.  */
| #define lseek64 innocuous_lseek64
| 
| /* System header to define __stub macros and hopefully few prototypes,
|     which can conflict with char lseek64 (); below.
|     Prefer <limits.h> to <assert.h> if __STDC__ is defined, since
|     <limits.h> exists even on freestanding compilers.  */
| 
| #ifdef __STDC__
| # include <limits.h>
| #else
| # include <assert.h>
| #endif
| 
| #undef lseek64
| 
| /* Override any gcc2 internal prototype to avoid an error.  */
| #ifdef __cplusplus
| extern "C"
| {
| #endif
| /* We use char because int might match the return type of a gcc2
|    builtin and then its argument prototype would still apply.  */
| char lseek64 ();
| /* The GNU C library defines this for functions which it implements
|     to always fail with ENOSYS.  Some functions are actually named
|     something starting with __ and the normal name is an alias.  */
| #if defined (__stub_lseek64) || defined (__stub___lseek64)
| choke me
| #else
| char (*f) () = lseek64;
| #endif
| #ifdef __cplusplus
| }
| #endif
| 
| int
| main ()
| {
| return f != lseek64;
|   ;
|   return 0;
| }
configure:9404: result: no
configure:9414: checking for off64_t
configure:9437: gcc -pipe -c   conftest.c >&5
conftest.c: In function 'main':
conftest.c:32: error: 'off64_t' undeclared (first use in this function)
conftest.c:32: error: (Each undeclared identifier is reported only once
conftest.c:32: error: for each function it appears in.)
conftest.c:32: error: parse error before 'offset'
configure:9443: $? = 1
configure: failed program was:
| /* confdefs.h.  */
| 
| #define PACKAGE_NAME "vlerq"
| #define PACKAGE_TARNAME "vlerq"
| #define PACKAGE_VERSION "2"
| #define PACKAGE_STRING "vlerq 2"
| #define PACKAGE_BUGREPORT ""
| #define STDC_HEADERS 1
| #define HAVE_SYS_TYPES_H 1
| #define HAVE_SYS_STAT_H 1
| #define HAVE_STDLIB_H 1
| #define HAVE_STRING_H 1
| #define HAVE_MEMORY_H 1
| #define HAVE_STRINGS_H 1
| #define HAVE_INTTYPES_H 1
| #define HAVE_STDINT_H 1
| #define HAVE_UNISTD_H 1
| #define WORDS_BIGENDIAN 1
| #define NO_VALUES_H 1
| #define HAVE_LIMITS_H 1
| #define HAVE_SYS_PARAM_H 1
| #define USE_THREAD_ALLOC 1
| #define _REENTRANT 1
| #define _THREAD_SAFE 1
| #define TCL_THREADS 1
| #define TCL_WIDE_INT_TYPE long long
| /* end confdefs.h.  */
| #include <sys/types.h>
| int
| main ()
| {
| off64_t offset;
| 
|   ;
|   return 0;
| }
configure:9479: result: no
configure:9492: checking for build with symbols
configure:9505: result: no
configure:9641: checking for tclsh
configure:9668: result: /usr/bin/tclsh8.4
configure:9807: creating ./config.status

## ---------------------- ##
## Running config.status. ##
## ---------------------- ##

This file was extended by vlerq config.status 2, which was
generated by GNU Autoconf 2.59.  Invocation command line was

  CONFIG_FILES    = 
  CONFIG_HEADERS  = 
  CONFIG_LINKS    = 
  CONFIG_COMMANDS = 
  $ ./config.status 

on biggie.local

config.status:695: creating Makefile

## ---------------- ##
## Cache variables. ##
## ---------------- ##

ac_cv_c_bigendian=yes
ac_cv_c_compiler_gnu=yes
ac_cv_c_tclconfig=/Library/Frameworks/Tcl.framework
ac_cv_c_tclh=/Library/Frameworks/Tcl.framework/Headers
ac_cv_env_CC_set=
ac_cv_env_CC_value=
ac_cv_env_CFLAGS_set=
ac_cv_env_CFLAGS_value=
ac_cv_env_CPPFLAGS_set=
ac_cv_env_CPPFLAGS_value=
ac_cv_env_CPP_set=
ac_cv_env_CPP_value=
ac_cv_env_LDFLAGS_set=
ac_cv_env_LDFLAGS_value=
ac_cv_env_build_alias_set=
ac_cv_env_build_alias_value=
ac_cv_env_host_alias_set=
ac_cv_env_host_alias_value=
ac_cv_env_target_alias_set=
ac_cv_env_target_alias_value=
ac_cv_exeext=
ac_cv_func_connect=yes
ac_cv_func_gethostbyname=yes
ac_cv_func_lseek64=no
ac_cv_func_open64=no
ac_cv_func_sin=yes
ac_cv_header_dlfcn_h=yes
ac_cv_header_errno_h=yes
ac_cv_header_float_h=yes
ac_cv_header_inttypes_h=yes
ac_cv_header_limits_h=yes
ac_cv_header_memory_h=yes
ac_cv_header_net_errno_h=no
ac_cv_header_stdc=yes
ac_cv_header_stdint_h=yes
ac_cv_header_stdlib_h=yes
ac_cv_header_string_h=yes
ac_cv_header_strings_h=yes
ac_cv_header_sys_param_h=yes
ac_cv_header_sys_stat_h=yes
ac_cv_header_sys_types_h=yes
ac_cv_header_sys_wait_h=yes
ac_cv_header_unistd_h=yes
ac_cv_header_values_h=no
ac_cv_lib_dl_dlopen=yes
ac_cv_lib_ieee_main=no
ac_cv_lib_inet_main=no
ac_cv_lib_pthread_pthread_mutex_init=yes
ac_cv_objext=o
ac_cv_path_install='/usr/bin/install -c'
ac_cv_prog_AR=ar
ac_cv_prog_CPP='gcc -E'
ac_cv_prog_ac_ct_CC=gcc
ac_cv_prog_ac_ct_RANLIB=ranlib
ac_cv_prog_cc_g=yes
ac_cv_prog_cc_stdc=
ac_cv_prog_egrep='grep -E'
ac_cv_prog_make_make_set=yes
tcl_cv_dirent_h=yes
tcl_cv_flag__isoc99_source=no
tcl_cv_flag__largefile64_source=no
tcl_cv_flag__largefile_source64=no
tcl_cv_ld_search_paths_first=yes
tcl_cv_ld_single_module=yes
tcl_cv_struct_dirent64=no
tcl_cv_struct_stat64=no
tcl_cv_sys_version=Darwin-8.7.0
tcl_cv_type_64bit='long long'
tcl_cv_type_off64_t=no

## ----------------- ##
## Output variables. ##
## ----------------- ##

AR='ar'
CC='gcc -pipe'
CELIB_DIR=''
CFLAGS=' ${CFLAGS_DEFAULT} ${CFLAGS_WARNING} ${SHLIB_CFLAGS}'
CFLAGS_DEBUG='-g'
CFLAGS_DEFAULT='-Os'
CFLAGS_OPTIMIZE='-Os'
CFLAGS_WARNING='-Wall -Wno-implicit-int'
CLEANFILES=''
CPP='gcc -E'
CPPFLAGS=''
CYGPATH='echo'
DEFS='-DPACKAGE_NAME=\"vlerq\" -DPACKAGE_TARNAME=\"vlerq\" -DPACKAGE_VERSION=\"2\" -DPACKAGE_STRING=\"vlerq\ 2\" -DPACKAGE_BUGREPORT=\"\" -DSTDC_HEADERS=1 -DHAVE_SYS_TYPES_H=1 -DHAVE_SYS_STAT_H=1 -DHAVE_STDLIB_H=1 -DHAVE_STRING_H=1 -DHAVE_MEMORY_H=1 -DHAVE_STRINGS_H=1 -DHAVE_INTTYPES_H=1 -DHAVE_STDINT_H=1 -DHAVE_UNISTD_H=1 -DWORDS_BIGENDIAN=1 -DNO_VALUES_H=1 -DHAVE_LIMITS_H=1 -DHAVE_SYS_PARAM_H=1 -DUSE_THREAD_ALLOC=1 -D_REENTRANT=1 -D_THREAD_SAFE=1 -DTCL_THREADS=1 -DTCL_WIDE_INT_TYPE=long\ long -DUSE_TCL_STUBS=1 '
DL_LIBS=''
ECHO_C=''
ECHO_N='-n'
ECHO_T=''
EGREP='grep -E'
EXEEXT=''
INSTALL_DATA='${INSTALL} -m 644'
INSTALL_PROGRAM='${INSTALL}'
INSTALL_SCRIPT='${INSTALL}'
LDFLAGS=' -prebind -headerpad_max_install_names -Wl,-search_paths_first '
LDFLAGS_DEFAULT=' -prebind -headerpad_max_install_names -Wl,-search_paths_first '
LD_LIBRARY_PATH_VAR='DYLD_LIBRARY_PATH'
LIBOBJS=''
LIBS=''
LTLIBOBJS=''
MAKE_LIB='${SHLIB_LD} -o $@ $(PKG_OBJECTS) ${SHLIB_LD_LIBS} '
MAKE_SHARED_LIB='${SHLIB_LD} -o $@ $(PKG_OBJECTS) ${SHLIB_LD_LIBS}'
MAKE_STATIC_LIB='${STLIB_LD} $@ $(PKG_OBJECTS)'
MAKE_STUB_LIB='${STLIB_LD} $@ $(PKG_STUB_OBJECTS)'
MATH_LIBS=''
OBJEXT='o'
PACKAGE_BUGREPORT=''
PACKAGE_NAME='vlerq'
PACKAGE_STRING='vlerq 2'
PACKAGE_TARNAME='vlerq'
PACKAGE_VERSION='2'
PATH_SEPARATOR=':'
PKG_CFLAGS=' '
PKG_HEADERS=''
PKG_INCLUDES=''
PKG_LIBS=''
PKG_LIB_FILE='libvlerq2.dylib'
PKG_OBJECTS=' vlerq.o'
PKG_SOURCES=' vlerq.c'
PKG_STUB_LIB_FILE='libvlerqstub2.a'
PKG_STUB_OBJECTS=''
PKG_STUB_SOURCES=''
PKG_TCL_SOURCES=' pkgIndex.tcl library/pkgIndex.tcl library/m2mvfs.tcl library/mkclvfs.tcl library/mklite.tcl library/ratcl.tcl'
RANLIB=':'
RANLIB_STUB='ranlib'
SET_MAKE=''
SHARED_BUILD='1'
SHELL='/bin/sh'
SHLIB_CFLAGS='-fno-common'
SHLIB_LD='${CC} -dynamiclib ${CFLAGS} ${LDFLAGS_DEFAULT} -Wl,-single_module'
SHLIB_LD_LIBS='${LIBS} -L/Library/Frameworks/Tcl.framework -ltclstub8.4'
STLIB_LD='${AR} cr'
TCLSH_PROG='/usr/bin/tclsh8.4'
TCL_BIN_DIR='/Library/Frameworks/Tcl.framework'
TCL_DBGX=''
TCL_DEFS=' -DTCL_THREADS=1 -DUSE_THREAD_ALLOC=1 -D_REENTRANT=1 -D_THREAD_SAFE=1 -DHAVE_PTHREAD_ATTR_SETSTACKSIZE=1 -DHAVE_READDIR_R=1 -DHAVE_THREE_ARG_READDIR_R=1 -DHAVE_COREFOUNDATION=1 -DMAC_OSX_TCL=1 -DUSE_VFORK=1 -DTCL_DEFAULT_ENCODING=\"utf-8\" -DTCL_LOAD_FROM_MEMORY=1 -DTCL_WIDE_INT_TYPE=long\ long -DWORDS_BIGENDIAN=1 -DHAVE_GETCWD=1 -DHAVE_OPENDIR=1 -DHAVE_STRSTR=1 -DHAVE_STRTOL=1 -DHAVE_STRTOLL=1 -DHAVE_STRTOULL=1 -DHAVE_TMPNAM=1 -DHAVE_WAITPID=1 -DNO_VALUES_H=1 -DHAVE_LIMITS_H=1 -DHAVE_UNISTD_H=1 -DHAVE_SYS_PARAM_H=1 -DUSE_TERMIOS=1 -DHAVE_SYS_TIME_H=1 -DTIME_WITH_SYS_TIME=1 -DHAVE_TM_ZONE=1 -DHAVE_GMTIME_R=1 -DHAVE_LOCALTIME_R=1 -DHAVE_TM_GMTOFF=1 -DHAVE_ST_BLKSIZE=1 -DSTDC_HEADERS=1 -DHAVE_SIGNED_CHAR=1 -DHAVE_PUTENV_THAT_COPIES=1 -DHAVE_LANGINFO=1 -DHAVE_SYS_IOCTL_H=1 -DHAVE_SYS_FILIO_H=1 -DTCL_FRAMEWORK=1 '
TCL_EXTRA_CFLAGS=''
TCL_INCLUDES='-I"/Library/Frameworks/Tcl.framework/Headers"'
TCL_LD_FLAGS=' -prebind -Wl,-search_paths_first'
TCL_LIBS='${DL_LIBS} ${LIBS} ${MATH_LIBS}'
TCL_LIB_FILE='Tcl'
TCL_LIB_FLAG='-framework Tcl'
TCL_LIB_SPEC='-F/Library/Frameworks -framework Tcl'
TCL_SHLIB_LD_LIBS='${LIBS}'
TCL_SRC_DIR='/Volumes/Local/Users/steffen/Documents/Development/TclTk/tcltkaqua-8_4_10_0/source/tcl'
TCL_STUB_LIB_FILE='libtclstub8.4.a'
TCL_STUB_LIB_FLAG='-ltclstub8.4'
TCL_STUB_LIB_SPEC='-L/Library/Frameworks/Tcl.framework -ltclstub8.4'
TCL_THREADS='1'
TCL_VERSION='8.4'
ac_ct_CC='gcc'
ac_ct_RANLIB='ranlib'
bindir='${exec_prefix}/bin'
build_alias=''
datadir='${prefix}/share'
exec_prefix='/usr'
host_alias=''
includedir='${prefix}/include'
infodir='${prefix}/info'
libdir='${exec_prefix}/lib'
libexecdir='${exec_prefix}/libexec'
localstatedir='${prefix}/var'
mandir='${prefix}/man'
oldincludedir='/usr/include'
prefix='/usr'
program_transform_name='s,x,x,'
sbindir='${exec_prefix}/sbin'
sharedstatedir='${prefix}/com'
sysconfdir='${prefix}/etc'
target_alias=''

## ----------- ##
## confdefs.h. ##
## ----------- ##

#define HAVE_INTTYPES_H 1
#define HAVE_LIMITS_H 1
#define HAVE_MEMORY_H 1
#define HAVE_STDINT_H 1
#define HAVE_STDLIB_H 1
#define HAVE_STRINGS_H 1
#define HAVE_STRING_H 1
#define HAVE_SYS_PARAM_H 1
#define HAVE_SYS_STAT_H 1
#define HAVE_SYS_TYPES_H 1
#define HAVE_UNISTD_H 1
#define NO_VALUES_H 1
#define PACKAGE_BUGREPORT ""
#define PACKAGE_NAME "vlerq"
#define PACKAGE_STRING "vlerq 2"
#define PACKAGE_TARNAME "vlerq"
#define PACKAGE_VERSION "2"
#define STDC_HEADERS 1
#define TCL_THREADS 1
#define TCL_WIDE_INT_TYPE long long
#define USE_TCL_STUBS 1
#define USE_THREAD_ALLOC 1
#define WORDS_BIGENDIAN 1
#define _REENTRANT 1
#define _THREAD_SAFE 1

configure: exit 0
